TN:
SF:.eslintrc.js
FNF:0
FNH:0
DA:1,0
LF:1
LH:0
BRF:0
BRH:0
end_of_record
TN:
SF:app.js
FN:56,(anonymous_0)
FN:68,(anonymous_1)
FN:100,(anonymous_2)
FN:131,(anonymous_3)
FN:169,(anonymous_4)
FN:170,(anonymous_5)
FN:205,(anonymous_6)
FN:216,(anonymous_7)
FN:245,(anonymous_8)
FN:264,(anonymous_9)
FN:285,(anonymous_10)
FN:293,(anonymous_11)
FN:304,(anonymous_12)
FNF:13
FNH:3
FNDA:1,(anonymous_0)
FNDA:0,(anonymous_1)
FNDA:0,(anonymous_2)
FNDA:0,(anonymous_3)
FNDA:0,(anonymous_4)
FNDA:0,(anonymous_5)
FNDA:0,(anonymous_6)
FNDA:0,(anonymous_7)
FNDA:0,(anonymous_8)
FNDA:0,(anonymous_9)
FNDA:1,(anonymous_10)
FNDA:0,(anonymous_11)
FNDA:1,(anonymous_12)
DA:1,2
DA:2,2
DA:3,2
DA:4,2
DA:5,2
DA:6,2
DA:7,2
DA:8,2
DA:9,2
DA:10,2
DA:14,2
DA:16,2
DA:18,2
DA:20,2
DA:44,2
DA:46,2
DA:49,2
DA:50,2
DA:51,2
DA:52,2
DA:53,2
DA:56,2
DA:57,1
DA:64,2
DA:68,2
DA:69,0
DA:70,0
DA:74,2
DA:75,2
DA:76,2
DA:77,2
DA:78,2
DA:79,2
DA:81,2
DA:82,2
DA:83,2
DA:84,2
DA:86,2
DA:87,0
DA:88,0
DA:89,0
DA:91,2
DA:94,2
DA:96,0
DA:100,2
DA:101,0
DA:131,2
DA:132,0
DA:133,0
DA:135,0
DA:138,0
DA:139,0
DA:145,0
DA:146,0
DA:152,0
DA:153,0
DA:154,0
DA:157,0
DA:164,0
DA:167,0
DA:170,0
DA:171,0
DA:182,0
DA:194,0
DA:196,0
DA:205,2
DA:206,0
DA:207,0
DA:209,0
DA:210,0
DA:216,0
DA:217,0
DA:223,0
DA:225,0
DA:236,0
DA:237,0
DA:244,2
DA:245,2
DA:246,0
DA:247,0
DA:248,0
DA:249,0
DA:255,0
DA:256,0
DA:264,2
DA:265,0
DA:266,0
DA:267,0
DA:268,0
DA:274,0
DA:275,0
DA:285,2
DA:286,1
DA:287,1
DA:293,2
DA:294,0
DA:295,0
DA:302,2
DA:304,2
DA:305,1
DA:306,1
DA:307,1
DA:310,2
LF:103
LH:54
BRDA:86,0,0,0
BRDA:86,0,1,2
BRDA:86,1,0,2
BRDA:86,1,1,0
BRDA:138,2,0,0
BRDA:138,2,1,0
BRDA:138,3,0,0
BRDA:138,3,1,0
BRDA:138,3,2,0
BRDA:145,4,0,0
BRDA:145,4,1,0
BRDA:153,5,0,0
BRDA:153,5,1,0
BRDA:154,6,0,0
BRDA:154,6,1,0
BRDA:159,7,0,0
BRDA:159,7,1,0
BRDA:160,8,0,0
BRDA:160,8,1,0
BRDA:161,9,0,0
BRDA:161,9,1,0
BRDA:170,10,0,0
BRDA:170,10,1,0
BRDA:199,11,0,0
BRDA:199,11,1,0
BRDA:209,12,0,0
BRDA:209,12,1,0
BRDA:209,13,0,0
BRDA:209,13,1,0
BRDA:217,14,0,0
BRDA:217,14,1,0
BRDA:217,14,2,0
BRDA:217,14,3,0
BRDA:217,14,4,0
BRDA:217,14,5,0
BRDA:230,15,0,0
BRDA:230,15,1,0
BRDA:244,16,0,2
BRDA:244,16,1,0
BRDA:298,17,0,0
BRDA:298,17,1,0
BRDA:302,18,0,2
BRDA:302,18,1,2
BRF:43
BRH:5
end_of_record
TN:
SF:jest.config.js
FNF:0
FNH:0
DA:1,0
LF:1
LH:0
BRF:0
BRH:0
end_of_record
TN:
SF:swagger.js
FNF:0
FNH:0
DA:1,2
DA:3,2
DA:368,2
DA:376,2
DA:378,2
LF:5
LH:5
BRF:0
BRH:0
end_of_record
TN:
SF:app_api/controllers/auth.js
FN:5,(anonymous_0)
FN:12,(anonymous_1)
FN:90,(anonymous_2)
FN:162,(anonymous_3)
FN:188,(anonymous_4)
FN:196,(anonymous_5)
FN:222,(anonymous_6)
FN:227,(anonymous_7)
FNF:8
FNH:0
FNDA:0,(anonymous_0)
FNDA:0,(anonymous_1)
FNDA:0,(anonymous_2)
FNDA:0,(anonymous_3)
FNDA:0,(anonymous_4)
FNDA:0,(anonymous_5)
FNDA:0,(anonymous_6)
FNDA:0,(anonymous_7)
DA:1,2
DA:2,2
DA:5,2
DA:6,0
DA:12,2
DA:13,0
DA:14,0
DA:16,0
DA:19,0
DA:20,0
DA:26,0
DA:27,0
DA:34,0
DA:38,0
DA:39,0
DA:48,0
DA:57,0
DA:58,0
DA:61,0
DA:64,0
DA:74,0
DA:81,0
DA:82,0
DA:90,2
DA:91,0
DA:92,0
DA:94,0
DA:96,0
DA:97,0
DA:104,0
DA:109,0
DA:110,0
DA:117,0
DA:119,0
DA:120,0
DA:127,0
DA:128,0
DA:130,0
DA:133,0
DA:136,0
DA:146,0
DA:153,0
DA:154,0
DA:162,2
DA:163,0
DA:164,0
DA:174,0
DA:179,0
DA:180,0
DA:188,2
DA:189,0
DA:196,2
DA:197,0
DA:198,0
DA:208,0
DA:213,0
DA:214,0
DA:222,2
DA:223,0
DA:224,0
DA:225,0
DA:227,0
DA:228,0
DA:229,0
DA:233,0
DA:234,0
DA:240,0
DA:246,0
DA:256,0
DA:262,0
DA:263,0
DA:270,2
LF:72
LH:10
BRDA:6,0,0,0
BRDA:6,0,1,0
BRDA:16,1,0,0
BRDA:16,1,1,0
BRDA:19,2,0,0
BRDA:19,2,1,0
BRDA:19,3,0,0
BRDA:19,3,1,0
BRDA:19,3,2,0
BRDA:19,3,3,0
BRDA:26,4,0,0
BRDA:26,4,1,0
BRDA:38,5,0,0
BRDA:38,5,1,0
BRDA:41,6,0,0
BRDA:41,6,1,0
BRDA:53,7,0,0
BRDA:53,7,1,0
BRDA:54,8,0,0
BRDA:54,8,1,0
BRDA:96,9,0,0
BRDA:96,9,1,0
BRDA:96,10,0,0
BRDA:96,10,1,0
BRDA:109,11,0,0
BRDA:109,11,1,0
BRDA:119,12,0,0
BRDA:119,12,1,0
BRDA:228,13,0,0
BRDA:228,13,1,0
BRDA:233,14,0,0
BRDA:233,14,1,0
BRF:32
BRH:0
end_of_record
TN:
SF:app_api/controllers/comments.js
FN:5,(anonymous_0)
FN:29,(anonymous_1)
FN:63,(anonymous_2)
FN:133,(anonymous_3)
FN:140,(anonymous_4)
FN:163,(anonymous_5)
FNF:6
FNH:0
FNDA:0,(anonymous_0)
FNDA:0,(anonymous_1)
FNDA:0,(anonymous_2)
FNDA:0,(anonymous_3)
FNDA:0,(anonymous_4)
FNDA:0,(anonymous_5)
DA:1,2
DA:2,2
DA:5,2
DA:6,0
DA:7,0
DA:9,0
DA:11,0
DA:17,0
DA:18,0
DA:19,0
DA:20,0
DA:21,0
DA:22,0
DA:23,0
DA:24,0
DA:29,0
DA:47,0
DA:49,0
DA:54,0
DA:55,0
DA:63,2
DA:64,0
DA:65,0
DA:67,0
DA:69,0
DA:70,0
DA:76,0
DA:77,0
DA:83,0
DA:84,0
DA:90,0
DA:99,0
DA:102,0
DA:104,0
DA:116,0
DA:118,0
DA:124,0
DA:125,0
DA:133,2
DA:134,0
DA:135,0
DA:140,0
DA:150,0
DA:155,0
DA:156,0
DA:163,2
DA:164,0
DA:165,0
DA:167,0
DA:170,0
DA:173,0
DA:174,0
DA:181,0
DA:182,0
DA:185,0
DA:186,0
DA:187,0
DA:191,0
DA:192,0
DA:193,0
DA:195,0
DA:196,0
DA:197,0
DA:201,0
DA:202,0
DA:209,0
DA:211,0
DA:213,0
DA:220,0
DA:221,0
DA:228,2
LF:71
LH:7
BRDA:18,0,0,0
BRDA:18,0,1,0
BRDA:20,1,0,0
BRDA:20,1,1,0
BRDA:20,2,0,0
BRDA:20,2,1,0
BRDA:23,3,0,0
BRDA:23,3,1,0
BRDA:23,4,0,0
BRDA:23,4,1,0
BRDA:34,5,0,0
BRDA:34,5,1,0
BRDA:38,6,0,0
BRDA:38,6,1,0
BRDA:39,7,0,0
BRDA:39,7,1,0
BRDA:39,7,2,0
BRDA:39,7,3,0
BRDA:69,8,0,0
BRDA:69,8,1,0
BRDA:69,9,0,0
BRDA:69,9,1,0
BRDA:69,9,2,0
BRDA:69,9,3,0
BRDA:69,9,4,0
BRDA:76,10,0,0
BRDA:76,10,1,0
BRDA:76,11,0,0
BRDA:76,11,1,0
BRDA:83,12,0,0
BRDA:83,12,1,0
BRDA:109,13,0,0
BRDA:109,13,1,0
BRDA:173,14,0,0
BRDA:173,14,1,0
BRDA:185,15,0,0
BRDA:185,15,1,0
BRDA:191,16,0,0
BRDA:191,16,1,0
BRDA:191,17,0,0
BRDA:191,17,1,0
BRDA:195,18,0,0
BRDA:195,18,1,0
BRDA:195,19,0,0
BRDA:195,19,1,0
BRDA:201,20,0,0
BRDA:201,20,1,0
BRF:47
BRH:0
end_of_record
TN:
SF:app_api/controllers/customPois.js
FN:7,(anonymous_0)
FN:56,(anonymous_1)
FN:91,(anonymous_2)
FN:134,(anonymous_3)
FN:163,(anonymous_4)
FN:224,(anonymous_5)
FN:324,(anonymous_6)
FN:329,(anonymous_7)
FN:365,(anonymous_8)
FN:391,(anonymous_9)
FN:426,(anonymous_10)
FNF:11
FNH:2
FNDA:2,(anonymous_0)
FNDA:0,(anonymous_1)
FNDA:0,(anonymous_2)
FNDA:0,(anonymous_3)
FNDA:3,(anonymous_4)
FNDA:0,(anonymous_5)
FNDA:0,(anonymous_6)
FNDA:0,(anonymous_7)
FNDA:0,(anonymous_8)
FNDA:0,(anonymous_9)
FNDA:0,(anonymous_10)
DA:1,2
DA:2,2
DA:3,2
DA:4,2
DA:7,2
DA:8,2
DA:9,2
DA:12,2
DA:13,2
DA:14,0
DA:26,2
DA:27,2
DA:28,0
DA:40,2
DA:53,2
DA:56,2
DA:57,0
DA:58,0
DA:59,0
DA:63,0
DA:66,0
DA:91,2
DA:92,0
DA:93,0
DA:94,0
DA:98,0
DA:101,0
DA:131,2
DA:134,2
DA:137,2
DA:139,2
DA:141,2
DA:153,0
DA:154,0
DA:163,2
DA:164,3
DA:165,3
DA:167,3
DA:170,1
DA:171,0
DA:178,1
DA:179,1
DA:180,0
DA:184,0
DA:187,1
DA:210,1
DA:215,2
DA:216,2
DA:224,2
DA:225,0
DA:235,0
DA:237,0
DA:240,0
DA:241,0
DA:247,0
DA:248,0
DA:254,0
DA:255,0
DA:261,0
DA:262,0
DA:263,0
DA:269,0
DA:282,0
DA:283,0
DA:285,0
DA:307,0
DA:309,0
DA:315,0
DA:316,0
DA:324,2
DA:325,0
DA:326,0
DA:329,0
DA:351,0
DA:356,0
DA:357,0
DA:365,2
DA:366,0
DA:367,0
DA:368,0
DA:370,0
DA:372,0
DA:373,0
DA:380,0
DA:381,0
DA:388,0
DA:389,0
DA:391,0
DA:392,0
DA:393,0
DA:398,0
DA:399,0
DA:405,0
DA:411,0
DA:417,0
DA:418,0
DA:426,2
DA:427,0
DA:428,0
DA:430,0
DA:432,0
DA:433,0
DA:440,0
DA:441,0
DA:448,0
DA:451,0
DA:452,0
DA:454,0
DA:459,0
DA:460,0
DA:467,2
LF:111
LH:36
BRDA:9,0,0,2
BRDA:9,1,0,2
BRDA:9,2,0,2
BRDA:13,3,0,0
BRDA:13,3,1,2
BRDA:13,4,0,2
BRDA:13,4,1,0
BRDA:27,5,0,0
BRDA:27,5,1,2
BRDA:27,6,0,2
BRDA:27,6,1,0
BRDA:58,7,0,0
BRDA:58,7,1,0
BRDA:93,8,0,0
BRDA:93,8,1,0
BRDA:106,9,0,0
BRDA:106,9,1,0
BRDA:110,10,0,0
BRDA:110,10,1,0
BRDA:111,11,0,0
BRDA:111,11,1,0
BRDA:170,12,0,0
BRDA:170,12,1,1
BRDA:170,13,0,1
BRDA:170,13,1,1
BRDA:179,14,0,0
BRDA:179,14,1,1
BRDA:207,15,0,1
BRDA:207,15,1,0
BRDA:240,16,0,0
BRDA:240,16,1,0
BRDA:240,17,0,0
BRDA:240,17,1,0
BRDA:240,17,2,0
BRDA:240,17,3,0
BRDA:240,17,4,0
BRDA:240,17,5,0
BRDA:247,18,0,0
BRDA:247,18,1,0
BRDA:254,19,0,0
BRDA:254,19,1,0
BRDA:262,20,0,0
BRDA:262,20,1,0
BRDA:274,21,0,0
BRDA:274,21,1,0
BRDA:372,22,0,0
BRDA:372,22,1,0
BRDA:380,23,0,0
BRDA:380,23,1,0
BRDA:392,24,0,0
BRDA:392,24,1,0
BRDA:398,25,0,0
BRDA:398,25,1,0
BRDA:398,26,0,0
BRDA:398,26,1,0
BRDA:432,27,0,0
BRDA:432,27,1,0
BRDA:440,28,0,0
BRDA:440,28,1,0
BRF:59
BRH:12
end_of_record
TN:
SF:app_api/controllers/favorites.js
FN:5,(anonymous_0)
FN:10,(anonymous_1)
FN:43,(anonymous_2)
FN:125,(anonymous_3)
FNF:4
FNH:0
FNDA:0,(anonymous_0)
FNDA:0,(anonymous_1)
FNDA:0,(anonymous_2)
FNDA:0,(anonymous_3)
DA:1,2
DA:2,2
DA:5,2
DA:6,0
DA:7,0
DA:10,0
DA:27,0
DA:29,0
DA:34,0
DA:35,0
DA:43,2
DA:44,0
DA:45,0
DA:47,0
DA:49,0
DA:50,0
DA:57,0
DA:62,0
DA:64,0
DA:67,0
DA:68,0
DA:73,0
DA:75,0
DA:82,0
DA:98,0
DA:101,0
DA:102,0
DA:107,0
DA:109,0
DA:116,0
DA:117,0
DA:125,2
DA:126,0
DA:127,0
DA:129,0
DA:134,0
DA:139,0
DA:140,0
DA:147,2
LF:39
LH:6
BRDA:18,0,0,0
BRDA:18,0,1,0
BRDA:49,1,0,0
BRDA:49,1,1,0
BRDA:49,2,0,0
BRDA:49,2,1,0
BRDA:62,3,0,0
BRDA:62,3,1,0
BRDA:67,4,0,0
BRDA:67,4,1,0
BRDA:86,5,0,0
BRDA:86,5,1,0
BRDA:101,6,0,0
BRDA:101,6,1,0
BRF:14
BRH:0
end_of_record
TN:
SF:app_api/controllers/pois.js
FN:6,(anonymous_0)
FN:76,(anonymous_1)
FN:117,(anonymous_2)
FN:173,(anonymous_3)
FN:263,(anonymous_4)
FN:294,(anonymous_5)
FNF:6
FNH:0
FNDA:0,(anonymous_0)
FNDA:0,(anonymous_1)
FNDA:0,(anonymous_2)
FNDA:0,(anonymous_3)
FNDA:0,(anonymous_4)
FNDA:0,(anonymous_5)
DA:1,0
DA:2,0
DA:3,0
DA:6,0
DA:7,0
DA:18,0
DA:20,0
DA:21,0
DA:22,0
DA:25,0
DA:28,0
DA:29,0
DA:33,0
DA:34,0
DA:38,0
DA:39,0
DA:40,0
DA:41,0
DA:43,0
DA:44,0
DA:57,0
DA:58,0
DA:61,0
DA:65,0
DA:73,0
DA:76,0
DA:94,0
DA:108,0
DA:109,0
DA:117,0
DA:118,0
DA:119,0
DA:121,0
DA:125,0
DA:126,0
DA:133,0
DA:136,0
DA:158,0
DA:164,0
DA:165,0
DA:173,0
DA:174,0
DA:175,0
DA:176,0
DA:177,0
DA:197,0
DA:200,0
DA:218,0
DA:221,0
DA:226,0
DA:228,0
DA:247,0
DA:254,0
DA:255,0
DA:263,0
DA:264,0
DA:270,0
DA:272,0
DA:273,0
DA:274,0
DA:276,0
DA:278,0
DA:279,0
DA:282,0
DA:283,0
DA:286,0
DA:292,0
DA:294,0
DA:309,0
DA:321,0
DA:322,0
DA:329,0
LF:72
LH:0
BRDA:9,0,0,0
BRDA:10,1,0,0
BRDA:15,2,0,0
BRDA:16,3,0,0
BRDA:17,4,0,0
BRDA:28,5,0,0
BRDA:28,5,1,0
BRDA:28,6,0,0
BRDA:28,6,1,0
BRDA:33,7,0,0
BRDA:33,7,1,0
BRDA:33,8,0,0
BRDA:33,8,1,0
BRDA:38,9,0,0
BRDA:38,9,1,0
BRDA:38,10,0,0
BRDA:38,10,1,0
BRDA:43,11,0,0
BRDA:43,11,1,0
BRDA:43,12,0,0
BRDA:43,12,1,0
BRDA:58,13,0,0
BRDA:58,13,1,0
BRDA:58,14,0,0
BRDA:58,14,1,0
BRDA:58,14,2,0
BRDA:61,15,0,0
BRDA:61,15,1,0
BRDA:125,16,0,0
BRDA:125,16,1,0
BRDA:125,17,0,0
BRDA:125,17,1,0
BRDA:176,18,0,0
BRDA:176,18,1,0
BRDA:196,19,0,0
BRDA:210,20,0,0
BRDA:210,20,1,0
BRDA:211,21,0,0
BRDA:211,21,1,0
BRDA:266,22,0,0
BRDA:267,23,0,0
BRDA:278,24,0,0
BRDA:278,24,1,0
BRDA:278,25,0,0
BRDA:278,25,1,0
BRDA:282,26,0,0
BRDA:282,26,1,0
BRDA:282,27,0,0
BRDA:282,27,1,0
BRF:49
BRH:0
end_of_record
TN:
SF:app_api/controllers/route.js
FN:6,(anonymous_0)
FN:69,(anonymous_1)
FN:103,(anonymous_2)
FN:143,(anonymous_3)
FN:174,(anonymous_4)
FNF:5
FNH:0
FNDA:0,(anonymous_0)
FNDA:0,(anonymous_1)
FNDA:0,(anonymous_2)
FNDA:0,(anonymous_3)
FNDA:0,(anonymous_4)
DA:1,2
DA:2,2
DA:3,2
DA:6,2
DA:7,0
DA:8,0
DA:9,0
DA:10,0
DA:17,0
DA:18,0
DA:20,0
DA:23,0
DA:30,0
DA:31,0
DA:38,0
DA:49,0
DA:51,0
DA:53,0
DA:60,0
DA:61,0
DA:69,2
DA:70,0
DA:71,0
DA:72,0
DA:74,0
DA:80,0
DA:82,0
DA:94,0
DA:95,0
DA:103,2
DA:104,0
DA:105,0
DA:106,0
DA:108,0
DA:110,0
DA:111,0
DA:118,0
DA:119,0
DA:126,0
DA:128,0
DA:134,0
DA:135,0
DA:143,2
DA:144,0
DA:145,0
DA:146,0
DA:148,0
DA:150,0
DA:151,0
DA:157,0
DA:159,0
DA:165,0
DA:166,0
DA:174,2
DA:175,0
DA:176,0
DA:178,0
DA:180,0
DA:181,0
DA:184,0
DA:190,0
DA:192,0
DA:204,0
DA:205,0
DA:212,2
LF:65
LH:9
BRDA:9,0,0,0
BRDA:9,0,1,0
BRDA:30,1,0,0
BRDA:30,1,1,0
BRDA:33,2,0,0
BRDA:33,2,1,0
BRDA:72,3,0,0
BRDA:72,4,0,0
BRDA:110,5,0,0
BRDA:110,5,1,0
BRDA:118,6,0,0
BRDA:118,6,1,0
BRDA:118,7,0,0
BRDA:118,7,1,0
BRDA:150,8,0,0
BRDA:150,8,1,0
BRDA:176,9,0,0
BRDA:176,10,0,0
BRDA:180,11,0,0
BRDA:180,11,1,0
BRF:20
BRH:0
end_of_record
TN:
SF:app_api/middleware/auth.js
FN:4,(anonymous_0)
FN:44,(anonymous_1)
FNF:2
FNH:2
FNDA:3,(anonymous_0)
FNDA:5,(anonymous_1)
DA:1,2
DA:2,2
DA:4,2
DA:5,3
DA:6,3
DA:8,3
DA:9,3
DA:15,0
DA:16,0
DA:18,0
DA:19,0
DA:25,0
DA:26,0
DA:32,0
DA:33,0
DA:35,0
DA:36,0
DA:44,2
DA:45,5
DA:46,5
DA:48,5
DA:49,0
DA:50,0
DA:52,0
DA:53,0
DA:57,5
DA:59,0
DA:63,2
LF:28
LH:13
BRDA:8,0,0,3
BRDA:8,0,1,0
BRDA:15,1,0,0
BRDA:15,1,1,0
BRDA:18,2,0,0
BRDA:18,2,1,0
BRDA:25,3,0,0
BRDA:25,3,1,0
BRDA:48,4,0,0
BRDA:48,4,1,5
BRDA:49,5,0,0
BRDA:49,5,1,0
BRDA:52,6,0,0
BRDA:52,6,1,0
BRDA:52,7,0,0
BRDA:52,7,1,0
BRF:16
BRH:2
end_of_record
TN:
SF:app_api/models/comment.js
FNF:0
FNH:0
DA:2,2
DA:4,2
DA:41,2
DA:42,2
DA:44,2
LF:5
LH:5
BRF:0
BRH:0
end_of_record
TN:
SF:app_api/models/customPoi.js
FNF:0
FNH:0
DA:1,2
DA:3,2
DA:69,2
DA:70,2
DA:71,2
DA:73,2
LF:6
LH:6
BRF:0
BRH:0
end_of_record
TN:
SF:app_api/models/db.js
FN:11,(anonymous_0)
FN:15,(anonymous_1)
FN:19,(anonymous_2)
FN:24,(anonymous_3)
FN:25,(anonymous_4)
FN:31,(anonymous_5)
FN:32,(anonymous_6)
FN:37,(anonymous_7)
FN:38,(anonymous_8)
FN:43,(anonymous_9)
FN:44,(anonymous_10)
FNF:11
FNH:1
FNDA:2,(anonymous_0)
FNDA:0,(anonymous_1)
FNDA:0,(anonymous_2)
FNDA:0,(anonymous_3)
FNDA:0,(anonymous_4)
FNDA:0,(anonymous_5)
FNDA:0,(anonymous_6)
FNDA:0,(anonymous_7)
FNDA:0,(anonymous_8)
FNDA:0,(anonymous_9)
FNDA:0,(anonymous_10)
DA:1,2
DA:2,2
DA:4,2
DA:6,2
DA:11,2
DA:12,2
DA:15,2
DA:16,0
DA:19,2
DA:20,0
DA:24,2
DA:25,0
DA:26,0
DA:27,0
DA:31,2
DA:32,0
DA:33,0
DA:37,2
DA:38,0
DA:39,0
DA:43,2
DA:44,0
DA:45,0
DA:50,2
DA:51,2
DA:52,2
DA:53,2
LF:27
LH:16
BRDA:4,0,0,2
BRDA:4,0,1,0
BRF:2
BRH:1
end_of_record
TN:
SF:app_api/models/favorite.js
FNF:0
FNH:0
DA:1,2
DA:3,2
DA:38,2
DA:40,2
LF:4
LH:4
BRF:0
BRH:0
end_of_record
TN:
SF:app_api/models/poi.js
FNF:0
FNH:0
DA:1,2
DA:3,2
DA:57,2
DA:58,2
DA:60,2
LF:5
LH:5
BRF:0
BRH:0
end_of_record
TN:
SF:app_api/models/route.js
FNF:0
FNH:0
DA:1,2
DA:3,2
DA:134,2
DA:135,2
DA:136,2
DA:138,2
LF:6
LH:6
BRF:0
BRH:0
end_of_record
TN:
SF:app_api/models/user.js
FN:55,(anonymous_0)
FN:68,(anonymous_1)
FNF:2
FNH:1
FNDA:1,(anonymous_0)
FNDA:0,(anonymous_1)
DA:2,2
DA:3,2
DA:5,2
DA:55,2
DA:56,1
DA:58,1
DA:59,1
DA:60,1
DA:61,1
DA:63,0
DA:68,2
DA:69,0
DA:72,2
LF:13
LH:11
BRDA:56,0,0,0
BRDA:56,0,1,1
BRF:2
BRH:1
end_of_record
TN:
SF:app_api/routes/auth.js
FNF:0
FNH:0
DA:1,2
DA:2,2
DA:3,2
DA:4,2
DA:139,2
DA:250,2
DA:324,2
DA:363,2
DA:437,2
DA:555,2
DA:557,2
LF:11
LH:11
BRF:0
BRH:0
end_of_record
TN:
SF:app_api/routes/comments.js
FNF:0
FNH:0
DA:1,2
DA:2,2
DA:3,2
DA:4,2
DA:99,2
DA:245,2
DA:331,2
DA:422,2
DA:424,2
LF:9
LH:9
BRF:0
BRH:0
end_of_record
TN:
SF:app_api/routes/customPois.js
FNF:0
FNH:0
DA:1,2
DA:2,2
DA:3,2
DA:4,2
DA:161,2
DA:292,2
DA:486,2
DA:601,2
DA:814,2
DA:815,2
DA:817,2
LF:11
LH:11
BRF:0
BRH:0
end_of_record
TN:
SF:app_api/routes/favorites.js
FNF:0
FNH:0
DA:1,2
DA:2,2
DA:3,2
DA:4,2
DA:35,2
DA:77,2
DA:107,2
DA:109,2
LF:8
LH:8
BRF:0
BRH:0
end_of_record
TN:
SF:app_api/routes/index.js
FN:4,(anonymous_0)
FNF:1
FNH:0
FNDA:0,(anonymous_0)
DA:1,0
DA:2,0
DA:4,0
DA:5,0
DA:12,0
LF:5
LH:0
BRF:0
BRH:0
end_of_record
TN:
SF:app_api/routes/pois.js
FNF:0
FNH:0
DA:1,0
DA:2,0
DA:3,0
DA:4,0
DA:6,0
DA:9,0
DA:238,0
DA:414,0
DA:682,0
DA:827,0
DA:829,0
LF:11
LH:0
BRF:0
BRH:0
end_of_record
TN:
SF:app_api/routes/route.js
FNF:0
FNH:0
DA:1,2
DA:2,2
DA:3,2
DA:4,2
DA:6,2
DA:9,2
DA:42,2
DA:43,2
DA:44,2
DA:45,2
DA:46,2
DA:48,2
LF:12
LH:12
BRF:0
BRH:0
end_of_record
TN:
SF:app_api/routes/search.js
FN:7,(anonymous_0)
FN:54,(anonymous_1)
FNF:2
FNH:0
FNDA:0,(anonymous_0)
FNDA:0,(anonymous_1)
DA:1,0
DA:2,0
DA:4,0
DA:7,0
DA:8,0
DA:16,0
DA:18,0
DA:21,0
DA:22,0
DA:26,0
DA:27,0
DA:31,0
DA:32,0
DA:33,0
DA:34,0
DA:36,0
DA:37,0
DA:49,0
DA:54,0
DA:68,0
DA:75,0
DA:76,0
DA:83,0
LF:23
LH:0
BRDA:10,0,0,0
BRDA:14,1,0,0
BRDA:15,2,0,0
BRDA:21,3,0,0
BRDA:21,3,1,0
BRDA:26,4,0,0
BRDA:26,4,1,0
BRDA:26,5,0,0
BRDA:26,5,1,0
BRDA:31,6,0,0
BRDA:31,6,1,0
BRDA:31,7,0,0
BRDA:31,7,1,0
BRDA:36,8,0,0
BRDA:36,8,1,0
BRDA:36,9,0,0
BRDA:36,9,1,0
BRF:17
BRH:0
end_of_record
TN:
SF:app_api/routes/users.js
FNF:0
FNH:0
DA:1,0
DA:2,0
DA:3,0
DA:4,0
DA:6,0
DA:9,0
DA:32,0
DA:43,0
DA:57,0
DA:58,0
DA:59,0
DA:60,0
DA:62,0
LF:13
LH:0
BRF:0
BRH:0
end_of_record
TN:
SF:js/src/alert.js
FN:47,Alert
FN:59,close
FN:74,dispose
FN:81,_getRootElement
FN:96,_triggerCloseEvent
FN:103,_removeElement
FN:114,(anonymous_35)
FN:118,_destroyElement
FN:127,_jQueryInterface
FN:128,(anonymous_38)
FN:143,_handleDismiss
FN:144,(anonymous_40)
FN:53,get
FN:174,(anonymous_42)
FN:46,(anonymous_23)
FN:74,(anonymous_26)
FN:128,(anonymous_33)
FN:149,(anonymous_36)
FN:174,(anonymous_37)
FNF:19
FNH:0
FNDA:0,Alert
FNDA:0,close
FNDA:0,dispose
FNDA:0,_getRootElement
FNDA:0,_triggerCloseEvent
FNDA:0,_removeElement
FNDA:0,(anonymous_35)
FNDA:0,_destroyElement
FNDA:0,_jQueryInterface
FNDA:0,(anonymous_38)
FNDA:0,_handleDismiss
FNDA:0,(anonymous_40)
FNDA:0,get
FNDA:0,(anonymous_42)
FNDA:0,(anonymous_23)
FNDA:0,(anonymous_26)
FNDA:0,(anonymous_33)
FNDA:0,(anonymous_36)
FNDA:0,(anonymous_37)
DA:17,0
DA:18,0
DA:19,0
DA:20,0
DA:21,0
DA:22,0
DA:24,0
DA:28,0
DA:34,0
DA:35,0
DA:36,0
DA:37,0
DA:46,0
DA:48,0
DA:54,0
DA:59,0
DA:60,0
DA:61,0
DA:62,0
DA:65,0
DA:67,0
DA:68,0
DA:71,0
DA:75,0
DA:76,0
DA:81,0
DA:82,0
DA:83,0
DA:85,0
DA:86,0
DA:89,0
DA:90,0
DA:93,0
DA:96,0
DA:97,0
DA:99,0
DA:100,0
DA:103,0
DA:104,0
DA:106,0
DA:107,0
DA:108,0
DA:111,0
DA:113,0
DA:114,0
DA:119,0
DA:127,0
DA:128,0
DA:129,0
DA:130,0
DA:132,0
DA:133,0
DA:134,0
DA:137,0
DA:138,0
DA:143,0
DA:144,0
DA:145,0
DA:146,0
DA:149,0
DA:160,0
DA:172,0
DA:173,0
DA:174,0
DA:175,0
DA:176,0
LF:66
LH:0
BRDA:61,0,0,0
BRDA:67,1,0,0
BRDA:85,2,0,0
BRDA:89,3,0,0
BRDA:106,4,0,0
BRDA:132,5,0,0
BRDA:137,6,0,0
BRDA:145,7,0,0
BRDA:61,8,0,0
BRDA:61,8,1,0
BRDA:65,9,0,0
BRDA:65,9,1,0
BRDA:85,10,0,0
BRDA:85,10,1,0
BRDA:89,11,0,0
BRDA:89,11,1,0
BRDA:106,12,0,0
BRDA:106,12,1,0
BRDA:132,13,0,0
BRDA:132,13,1,0
BRDA:137,14,0,0
BRDA:137,14,1,0
BRDA:145,15,0,0
BRDA:145,15,1,0
BRF:24
BRH:0
end_of_record
TN:
SF:js/src/button.js
FN:53,Button
FN:65,toggle
FN:118,dispose
FN:125,_jQueryInterface
FN:126,(anonymous_48)
FN:59,get
FN:148,(anonymous_50)
FN:168,(anonymous_51)
FN:173,(anonymous_52)
FN:208,(anonymous_53)
FN:52,(anonymous_38)
FN:65,(anonymous_40)
FN:118,(anonymous_41)
FN:126,(anonymous_43)
FN:135,(anonymous_44)
FN:173,(anonymous_47)
FN:208,(anonymous_48)
FNF:17
FNH:0
FNDA:0,Button
FNDA:0,toggle
FNDA:0,dispose
FNDA:0,_jQueryInterface
FNDA:0,(anonymous_48)
FNDA:0,get
FNDA:0,(anonymous_50)
FNDA:0,(anonymous_51)
FNDA:0,(anonymous_52)
FNDA:0,(anonymous_53)
FNDA:0,(anonymous_38)
FNDA:0,(anonymous_40)
FNDA:0,(anonymous_41)
FNDA:0,(anonymous_43)
FNDA:0,(anonymous_44)
FNDA:0,(anonymous_47)
FNDA:0,(anonymous_48)
DA:16,0
DA:17,0
DA:18,0
DA:19,0
DA:20,0
DA:21,0
DA:23,0
DA:24,0
DA:25,0
DA:26,0
DA:29,0
DA:30,0
DA:31,0
DA:32,0
DA:33,0
DA:34,0
DA:35,0
DA:36,0
DA:39,0
DA:52,0
DA:54,0
DA:60,0
DA:65,0
DA:66,0
DA:67,0
DA:68,0
DA:72,0
DA:73,0
DA:75,0
DA:76,0
DA:77,0
DA:79,0
DA:81,0
DA:83,0
DA:84,0
DA:87,0
DA:88,0
DA:89,0
DA:93,0
DA:96,0
DA:97,0
DA:98,0
DA:101,0
DA:102,0
DA:106,0
DA:107,0
DA:108,0
DA:112,0
DA:113,0
DA:119,0
DA:120,0
DA:125,0
DA:126,0
DA:127,0
DA:129,0
DA:130,0
DA:131,0
DA:134,0
DA:135,0
DA:147,0
DA:149,0
DA:151,0
DA:152,0
DA:155,0
DA:156,0
DA:158,0
DA:160,0
DA:161,0
DA:162,0
DA:165,0
DA:169,0
DA:170,0
DA:173,0
DA:177,0
DA:178,0
DA:179,0
DA:180,0
DA:181,0
DA:182,0
DA:184,0
DA:189,0
DA:190,0
DA:191,0
DA:192,0
DA:193,0
DA:195,0
DA:206,0
DA:207,0
DA:208,0
DA:209,0
DA:210,0
LF:91
LH:0
BRDA:72,0,0,0
BRDA:75,1,0,0
BRDA:76,2,0,0
BRDA:76,2,1,0
BRDA:77,3,0,0
BRDA:77,3,1,0
BRDA:77,4,0,0
BRDA:77,4,1,0
BRDA:83,5,0,0
BRDA:87,6,0,0
BRDA:87,6,1,0
BRDA:88,7,0,0
BRDA:88,8,0,0
BRDA:88,8,1,0
BRDA:96,9,0,0
BRDA:106,10,0,0
BRDA:106,11,0,0
BRDA:106,11,1,0
BRDA:107,12,0,0
BRDA:112,13,0,0
BRDA:129,14,0,0
BRDA:134,15,0,0
BRDA:151,16,0,0
BRDA:155,17,0,0
BRDA:155,17,1,0
BRDA:155,18,0,0
BRDA:155,18,1,0
BRDA:155,18,2,0
BRDA:160,19,0,0
BRDA:160,20,0,0
BRDA:160,20,1,0
BRDA:160,20,2,0
BRDA:181,21,0,0
BRDA:181,21,1,0
BRDA:181,22,0,0
BRDA:181,22,1,0
BRDA:192,23,0,0
BRDA:192,23,1,0
BRDA:72,24,0,0
BRDA:75,25,0,0
BRDA:76,26,0,0
BRDA:76,26,1,0
BRDA:77,27,0,0
BRDA:77,27,1,0
BRDA:77,28,0,0
BRDA:77,28,1,0
BRDA:83,29,0,0
BRDA:83,29,1,0
BRDA:87,30,0,0
BRDA:87,30,1,0
BRDA:88,31,0,0
BRDA:88,31,1,0
BRDA:88,31,2,0
BRDA:96,32,0,0
BRDA:96,32,1,0
BRDA:106,33,0,0
BRDA:106,33,1,0
BRDA:106,33,2,0
BRDA:107,34,0,0
BRDA:107,34,1,0
BRDA:112,35,0,0
BRDA:112,35,1,0
BRDA:129,36,0,0
BRDA:129,36,1,0
BRDA:134,37,0,0
BRDA:134,37,1,0
BRDA:155,38,0,0
BRDA:155,38,1,0
BRDA:151,39,0,0
BRDA:151,39,1,0
BRDA:152,40,0,0
BRDA:152,40,1,0
BRDA:152,40,2,0
BRDA:160,41,0,0
BRDA:160,42,0,0
BRDA:160,42,1,0
BRDA:160,42,2,0
BRDA:181,43,0,0
BRDA:181,43,1,0
BRDA:181,44,0,0
BRDA:181,44,1,0
BRDA:192,45,0,0
BRDA:192,45,1,0
BRF:83
BRH:0
end_of_record
TN:
SF:js/src/carousel.js
FN:103,Carousel
FN:134,next
FN:140,nextWhenVisible
FN:149,prev
FN:155,pause
FN:169,cycle
FN:187,to
FN:197,(anonymous_62)
FN:214,dispose
FN:230,_getConfig
FN:239,_handleSwipe
FN:261,_addEventListeners
FN:264,(anonymous_67)
FN:269,(anonymous_68)
FN:270,(anonymous_69)
FN:278,_addTouchEventListeners
FN:283,start
FN:291,move
FN:300,end
FN:319,(anonymous_74)
FN:323,(anonymous_75)
FN:325,(anonymous_76)
FN:326,(anonymous_77)
FN:330,(anonymous_78)
FN:331,(anonymous_79)
FN:332,(anonymous_80)
FN:336,_keydown
FN:354,_getItemIndex
FN:361,_getItemByDirection
FN:380,_triggerSlideEvent
FN:395,_setActiveIndicatorElement
FN:411,_slide
FN:482,(anonymous_87)
FN:491,(anonymous_88)
FN:509,_jQueryInterface
FN:510,(anonymous_90)
FN:545,_dataApiClickHandler
FN:124,get
FN:128,get
FN:587,(anonymous_94)
FN:603,(anonymous_95)
FN:102,(anonymous_49)
FN:134,(anonymous_51)
FN:140,(anonymous_52)
FN:149,(anonymous_53)
FN:214,(anonymous_58)
FN:239,(anonymous_60)
FN:283,(anonymous_66)
FN:300,(anonymous_67)
FN:291,(anonymous_74)
FN:482,(anonymous_82)
FN:510,(anonymous_85)
FN:574,(anonymous_87)
FN:18,(anonymous_88)
FN:587,(anonymous_89)
FN:603,(anonymous_90)
FNF:56
FNH:0
FNDA:0,Carousel
FNDA:0,next
FNDA:0,nextWhenVisible
FNDA:0,prev
FNDA:0,pause
FNDA:0,cycle
FNDA:0,to
FNDA:0,(anonymous_62)
FNDA:0,dispose
FNDA:0,_getConfig
FNDA:0,_handleSwipe
FNDA:0,_addEventListeners
FNDA:0,(anonymous_67)
FNDA:0,(anonymous_68)
FNDA:0,(anonymous_69)
FNDA:0,_addTouchEventListeners
FNDA:0,start
FNDA:0,move
FNDA:0,end
FNDA:0,(anonymous_74)
FNDA:0,(anonymous_75)
FNDA:0,(anonymous_76)
FNDA:0,(anonymous_77)
FNDA:0,(anonymous_78)
FNDA:0,(anonymous_79)
FNDA:0,(anonymous_80)
FNDA:0,_keydown
FNDA:0,_getItemIndex
FNDA:0,_getItemByDirection
FNDA:0,_triggerSlideEvent
FNDA:0,_setActiveIndicatorElement
FNDA:0,_slide
FNDA:0,(anonymous_87)
FNDA:0,(anonymous_88)
FNDA:0,_jQueryInterface
FNDA:0,(anonymous_90)
FNDA:0,_dataApiClickHandler
FNDA:0,get
FNDA:0,get
FNDA:0,(anonymous_94)
FNDA:0,(anonymous_95)
FNDA:0,(anonymous_49)
FNDA:0,(anonymous_51)
FNDA:0,(anonymous_52)
FNDA:0,(anonymous_53)
FNDA:0,(anonymous_58)
FNDA:0,(anonymous_60)
FNDA:0,(anonymous_66)
FNDA:0,(anonymous_67)
FNDA:0,(anonymous_74)
FNDA:0,(anonymous_82)
FNDA:0,(anonymous_85)
FNDA:0,(anonymous_87)
FNDA:0,(anonymous_88)
FNDA:0,(anonymous_89)
FNDA:0,(anonymous_90)
DA:17,0
DA:18,0
DA:19,0
DA:20,0
DA:21,0
DA:22,0
DA:23,0
DA:24,0
DA:25,0
DA:26,0
DA:28,0
DA:37,0
DA:46,0
DA:47,0
DA:48,0
DA:49,0
DA:50,0
DA:53,0
DA:69,0
DA:70,0
DA:71,0
DA:72,0
DA:73,0
DA:74,0
DA:75,0
DA:76,0
DA:78,0
DA:81,0
DA:82,0
DA:83,0
DA:84,0
DA:85,0
DA:86,0
DA:87,0
DA:88,0
DA:89,0
DA:92,0
DA:102,0
DA:104,0
DA:105,0
DA:106,0
DA:107,0
DA:108,0
DA:109,0
DA:110,0
DA:111,0
DA:113,0
DA:114,0
DA:115,0
DA:116,0
DA:117,0
DA:119,0
DA:125,0
DA:129,0
DA:134,0
DA:135,0
DA:136,0
DA:140,0
DA:143,0
DA:145,0
DA:149,0
DA:150,0
DA:151,0
DA:155,0
DA:156,0
DA:157,0
DA:160,0
DA:161,0
DA:162,0
DA:165,0
DA:166,0
DA:169,0
DA:170,0
DA:171,0
DA:174,0
DA:175,0
DA:176,0
DA:179,0
DA:180,0
DA:187,0
DA:188,0
DA:190,0
DA:192,0
DA:193,0
DA:196,0
DA:197,0
DA:198,0
DA:201,0
DA:202,0
DA:203,0
DA:204,0
DA:207,0
DA:211,0
DA:215,0
DA:216,0
DA:218,0
DA:219,0
DA:220,0
DA:221,0
DA:222,0
DA:223,0
DA:224,0
DA:225,0
DA:230,0
DA:231,0
DA:235,0
DA:236,0
DA:239,0
DA:240,0
DA:242,0
DA:243,0
DA:246,0
DA:248,0
DA:251,0
DA:252,0
DA:256,0
DA:257,0
DA:261,0
DA:262,0
DA:263,0
DA:264,0
DA:267,0
DA:268,0
DA:269,0
DA:270,0
DA:273,0
DA:274,0
DA:278,0
DA:279,0
DA:280,0
DA:283,0
DA:284,0
DA:285,0
DA:286,0
DA:287,0
DA:291,0
DA:293,0
DA:294,0
DA:296,0
DA:300,0
DA:301,0
DA:302,0
DA:305,0
DA:306,0
DA:315,0
DA:316,0
DA:317,0
DA:319,0
DA:323,0
DA:324,0
DA:325,0
DA:326,0
DA:328,0
DA:330,0
DA:331,0
DA:332,0
DA:336,0
DA:337,0
DA:338,0
DA:341,0
DA:343,0
DA:344,0
DA:345,0
DA:347,0
DA:348,0
DA:349,0
DA:354,0
DA:355,0
DA:358,0
DA:361,0
DA:362,0
DA:363,0
DA:364,0
DA:365,0
DA:366,0
DA:369,0
DA:370,0
DA:373,0
DA:374,0
DA:376,0
DA:380,0
DA:381,0
DA:382,0
DA:383,0
DA:390,0
DA:392,0
DA:395,0
DA:396,0
DA:397,0
DA:398,0
DA:401,0
DA:405,0
DA:406,0
DA:411,0
DA:412,0
DA:413,0
DA:414,0
DA:416,0
DA:417,0
DA:423,0
DA:424,0
DA:425,0
DA:426,0
DA:428,0
DA:429,0
DA:430,0
DA:433,0
DA:434,0
DA:435,0
DA:438,0
DA:439,0
DA:440,0
DA:443,0
DA:445,0
DA:448,0
DA:450,0
DA:451,0
DA:454,0
DA:456,0
DA:463,0
DA:464,0
DA:466,0
DA:468,0
DA:469,0
DA:471,0
DA:472,0
DA:473,0
DA:474,0
DA:476,0
DA:479,0
DA:481,0
DA:483,0
DA:487,0
DA:489,0
DA:491,0
DA:495,0
DA:496,0
DA:498,0
DA:499,0
DA:502,0
DA:503,0
DA:509,0
DA:510,0
DA:511,0
DA:512,0
DA:517,0
DA:518,0
DA:524,0
DA:526,0
DA:527,0
DA:528,0
DA:531,0
DA:532,0
DA:533,0
DA:534,0
DA:535,0
DA:537,0
DA:538,0
DA:539,0
DA:540,0
DA:545,0
DA:546,0
DA:548,0
DA:549,0
DA:552,0
DA:554,0
DA:555,0
DA:558,0
DA:562,0
DA:564,0
DA:565,0
DA:568,0
DA:570,0
DA:571,0
DA:574,0
DA:584,0
DA:587,0
DA:588,0
DA:589,0
DA:590,0
DA:591,0
DA:601,0
DA:602,0
DA:603,0
DA:604,0
DA:605,0
LF:286
LH:0
BRDA:116,0,0,0
BRDA:116,0,1,0
BRDA:117,1,0,0
BRDA:117,1,1,0
BRDA:135,2,0,0
BRDA:143,3,0,0
BRDA:143,4,0,0
BRDA:143,4,1,0
BRDA:143,4,2,0
BRDA:150,5,0,0
BRDA:156,6,0,0
BRDA:160,7,0,0
BRDA:170,8,0,0
BRDA:174,9,0,0
BRDA:179,10,0,0
BRDA:179,11,0,0
BRDA:179,11,1,0
BRDA:181,12,0,0
BRDA:181,12,1,0
BRDA:192,13,0,0
BRDA:192,14,0,0
BRDA:192,14,1,0
BRDA:196,15,0,0
BRDA:201,16,0,0
BRDA:207,17,0,0
BRDA:207,17,1,0
BRDA:242,18,0,0
BRDA:251,19,0,0
BRDA:256,20,0,0
BRDA:262,21,0,0
BRDA:267,22,0,0
BRDA:273,23,0,0
BRDA:279,24,0,0
BRDA:284,25,0,0
BRDA:284,25,1,0
BRDA:284,26,0,0
BRDA:284,26,1,0
BRDA:286,27,0,0
BRDA:293,28,0,0
BRDA:293,28,1,0
BRDA:293,29,0,0
BRDA:293,29,1,0
BRDA:301,30,0,0
BRDA:301,31,0,0
BRDA:301,31,1,0
BRDA:306,32,0,0
BRDA:316,33,0,0
BRDA:324,34,0,0
BRDA:324,34,1,0
BRDA:337,35,0,0
BRDA:341,36,0,0
BRDA:341,36,1,0
BRDA:355,37,0,0
BRDA:355,37,1,0
BRDA:355,38,0,0
BRDA:355,38,1,0
BRDA:366,39,0,0
BRDA:366,39,1,0
BRDA:366,39,2,0
BRDA:366,39,3,0
BRDA:369,40,0,0
BRDA:369,41,0,0
BRDA:369,41,1,0
BRDA:373,42,0,0
BRDA:373,42,1,0
BRDA:376,43,0,0
BRDA:376,43,1,0
BRDA:396,44,0,0
BRDA:405,45,0,0
BRDA:414,46,0,0
BRDA:414,46,1,0
BRDA:414,46,2,0
BRDA:423,47,0,0
BRDA:423,47,1,0
BRDA:433,48,0,0
BRDA:433,49,0,0
BRDA:433,49,1,0
BRDA:439,50,0,0
BRDA:443,51,0,0
BRDA:443,52,0,0
BRDA:443,52,1,0
BRDA:450,53,0,0
BRDA:463,54,0,0
BRDA:463,54,1,0
BRDA:472,55,0,0
BRDA:472,55,1,0
BRDA:473,56,0,0
BRDA:473,56,1,0
BRDA:476,57,0,0
BRDA:476,57,1,0
BRDA:502,58,0,0
BRDA:517,59,0,0
BRDA:524,60,0,0
BRDA:524,60,1,0
BRDA:526,61,0,0
BRDA:531,62,0,0
BRDA:531,62,1,0
BRDA:533,63,0,0
BRDA:533,63,1,0
BRDA:534,64,0,0
BRDA:538,65,0,0
BRDA:538,66,0,0
BRDA:538,66,1,0
BRDA:548,67,0,0
BRDA:554,68,0,0
BRDA:554,69,0,0
BRDA:554,69,1,0
BRDA:564,70,0,0
BRDA:570,71,0,0
BRDA:116,72,0,0
BRDA:116,72,1,0
BRDA:135,73,0,0
BRDA:135,73,1,0
BRDA:140,74,0,0
BRDA:140,74,1,0
BRDA:140,74,2,0
BRDA:140,74,3,0
BRDA:150,75,0,0
BRDA:150,75,1,0
BRDA:156,76,0,0
BRDA:156,76,1,0
BRDA:160,77,0,0
BRDA:160,77,1,0
BRDA:170,78,0,0
BRDA:170,78,1,0
BRDA:174,79,0,0
BRDA:174,79,1,0
BRDA:179,80,0,0
BRDA:179,80,1,0
BRDA:179,80,2,0
BRDA:192,81,0,0
BRDA:192,82,0,0
BRDA:192,82,1,0
BRDA:196,83,0,0
BRDA:196,83,1,0
BRDA:201,84,0,0
BRDA:242,85,0,0
BRDA:246,86,0,0
BRDA:246,86,1,0
BRDA:256,87,0,0
BRDA:256,87,1,0
BRDA:262,88,0,0
BRDA:262,88,1,0
BRDA:267,89,0,0
BRDA:267,89,1,0
BRDA:273,90,0,0
BRDA:273,90,1,0
BRDA:279,91,0,0
BRDA:284,92,0,0
BRDA:284,92,1,0
BRDA:284,93,0,0
BRDA:284,93,1,0
BRDA:286,94,0,0
BRDA:286,94,1,0
BRDA:301,95,0,0
BRDA:301,95,1,0
BRDA:301,95,2,0
BRDA:306,96,0,0
BRDA:306,96,1,0
BRDA:316,97,0,0
BRDA:316,97,1,0
BRDA:324,98,0,0
BRDA:324,98,1,0
BRDA:293,99,0,0
BRDA:293,99,1,0
BRDA:293,100,0,0
BRDA:293,100,1,0
BRDA:337,101,0,0
BRDA:341,102,0,0
BRDA:341,102,1,0
BRDA:355,103,0,0
BRDA:355,103,1,0
BRDA:355,104,0,0
BRDA:355,104,1,0
BRDA:369,105,0,0
BRDA:369,106,0,0
BRDA:369,106,1,0
BRDA:369,106,2,0
BRDA:369,106,3,0
BRDA:369,106,4,0
BRDA:373,107,0,0
BRDA:373,107,1,0
BRDA:376,108,0,0
BRDA:376,108,1,0
BRDA:396,109,0,0
BRDA:405,110,0,0
BRDA:405,110,1,0
BRDA:414,111,0,0
BRDA:414,111,1,0
BRDA:414,111,2,0
BRDA:433,112,0,0
BRDA:433,112,1,0
BRDA:423,113,0,0
BRDA:423,113,1,0
BRDA:433,114,0,0
BRDA:433,114,1,0
BRDA:439,115,0,0
BRDA:439,116,0,0
BRDA:439,116,1,0
BRDA:439,116,2,0
BRDA:450,117,0,0
BRDA:450,117,1,0
BRDA:463,118,0,0
BRDA:463,118,1,0
BRDA:472,119,0,0
BRDA:472,119,1,0
BRDA:502,120,0,0
BRDA:502,120,1,0
BRDA:517,121,0,0
BRDA:517,121,1,0
BRDA:531,122,0,0
BRDA:531,122,1,0
BRDA:526,123,0,0
BRDA:526,123,1,0
BRDA:533,124,0,0
BRDA:533,124,1,0
BRDA:534,125,0,0
BRDA:538,126,0,0
BRDA:538,126,1,0
BRDA:538,126,2,0
BRDA:548,127,0,0
BRDA:554,128,0,0
BRDA:554,129,0,0
BRDA:554,129,1,0
BRDA:564,130,0,0
BRDA:564,130,1,0
BRDA:570,131,0,0
BRDA:570,131,1,0
BRF:228
BRH:0
end_of_record
TN:
SF:js/src/collapse.js
FN:66,Collapse
FN:80,(anonymous_98)
FN:111,toggle
FN:119,show
FN:130,(anonymous_101)
FN:179,complete
FN:203,hide
FN:244,complete
FN:260,setTransitioning
FN:264,dispose
FN:276,_getConfig
FN:286,_getDimension
FN:291,_getParent
FN:309,(anonymous_110)
FN:319,_addAriaAndCollapsedClass
FN:331,_getTargetFromElement
FN:336,_jQueryInterface
FN:337,(anonymous_114)
FN:101,get
FN:105,get
FN:371,(anonymous_117)
FN:381,(anonymous_118)
FN:397,(anonymous_119)
FN:65,(anonymous_91)
FN:111,(anonymous_94)
FN:179,(anonymous_97)
FN:244,(anonymous_99)
FN:264,(anonymous_101)
FN:286,(anonymous_103)
FN:337,(anonymous_109)
FN:359,(anonymous_110)
FN:18,(anonymous_111)
FN:381,(anonymous_113)
FN:397,(anonymous_114)
FNF:34
FNH:0
FNDA:0,Collapse
FNDA:0,(anonymous_98)
FNDA:0,toggle
FNDA:0,show
FNDA:0,(anonymous_101)
FNDA:0,complete
FNDA:0,hide
FNDA:0,complete
FNDA:0,setTransitioning
FNDA:0,dispose
FNDA:0,_getConfig
FNDA:0,_getDimension
FNDA:0,_getParent
FNDA:0,(anonymous_110)
FNDA:0,_addAriaAndCollapsedClass
FNDA:0,_getTargetFromElement
FNDA:0,_jQueryInterface
FNDA:0,(anonymous_114)
FNDA:0,get
FNDA:0,get
FNDA:0,(anonymous_117)
FNDA:0,(anonymous_118)
FNDA:0,(anonymous_119)
FNDA:0,(anonymous_91)
FNDA:0,(anonymous_94)
FNDA:0,(anonymous_97)
FNDA:0,(anonymous_99)
FNDA:0,(anonymous_101)
FNDA:0,(anonymous_103)
FNDA:0,(anonymous_109)
FNDA:0,(anonymous_110)
FNDA:0,(anonymous_111)
FNDA:0,(anonymous_113)
FNDA:0,(anonymous_114)
DA:17,0
DA:18,0
DA:19,0
DA:20,0
DA:21,0
DA:22,0
DA:24,0
DA:29,0
DA:34,0
DA:42,0
DA:43,0
DA:44,0
DA:45,0
DA:46,0
DA:49,0
DA:50,0
DA:51,0
DA:54,0
DA:55,0
DA:56,0
DA:65,0
DA:67,0
DA:68,0
DA:69,0
DA:70,0
DA:75,0
DA:76,0
DA:77,0
DA:78,0
DA:79,0
DA:80,0
DA:82,0
DA:83,0
DA:84,0
DA:88,0
DA:90,0
DA:91,0
DA:94,0
DA:95,0
DA:102,0
DA:106,0
DA:111,0
DA:112,0
DA:113,0
DA:115,0
DA:119,0
DA:120,0
DA:122,0
DA:128,0
DA:129,0
DA:131,0
DA:132,0
DA:135,0
DA:138,0
DA:139,0
DA:143,0
DA:144,0
DA:145,0
DA:146,0
DA:150,0
DA:151,0
DA:152,0
DA:153,0
DA:156,0
DA:157,0
DA:158,0
DA:159,0
DA:163,0
DA:165,0
DA:169,0
DA:171,0
DA:172,0
DA:177,0
DA:179,0
DA:180,0
DA:185,0
DA:187,0
DA:189,0
DA:192,0
DA:193,0
DA:194,0
DA:196,0
DA:200,0
DA:203,0
DA:204,0
DA:206,0
DA:209,0
DA:210,0
DA:211,0
DA:212,0
DA:215,0
DA:217,0
DA:219,0
DA:221,0
DA:226,0
DA:227,0
DA:228,0
DA:229,0
DA:230,0
DA:232,0
DA:233,0
DA:234,0
DA:235,0
DA:242,0
DA:244,0
DA:245,0
DA:246,0
DA:252,0
DA:253,0
DA:255,0
DA:260,0
DA:261,0
DA:265,0
DA:267,0
DA:268,0
DA:269,0
DA:270,0
DA:271,0
DA:276,0
DA:277,0
DA:281,0
DA:282,0
DA:283,0
DA:286,0
DA:287,0
DA:288,0
DA:291,0
DA:294,0
DA:295,0
DA:298,0
DA:299,0
DA:302,0
DA:305,0
DA:308,0
DA:309,0
DA:310,0
DA:316,0
DA:320,0
DA:322,0
DA:323,0
DA:331,0
DA:332,0
DA:333,0
DA:336,0
DA:337,0
DA:338,0
DA:339,0
DA:340,0
DA:346,0
DA:347,0
DA:350,0
DA:351,0
DA:352,0
DA:355,0
DA:356,0
DA:357,0
DA:359,0
DA:371,0
DA:373,0
DA:374,0
DA:377,0
DA:378,0
DA:379,0
DA:381,0
DA:382,0
DA:383,0
DA:384,0
DA:385,0
DA:395,0
DA:396,0
DA:397,0
DA:398,0
DA:399,0
LF:173
LH:0
BRDA:82,0,0,0
BRDA:82,1,0,0
BRDA:82,1,1,0
BRDA:88,2,0,0
BRDA:88,2,1,0
BRDA:90,3,0,0
BRDA:94,4,0,0
BRDA:112,5,0,0
BRDA:112,5,1,0
BRDA:120,6,0,0
BRDA:120,7,0,0
BRDA:120,7,1,0
BRDA:128,8,0,0
BRDA:131,9,0,0
BRDA:138,10,0,0
BRDA:143,11,0,0
BRDA:145,12,0,0
BRDA:145,13,0,0
BRDA:145,13,1,0
BRDA:152,14,0,0
BRDA:156,15,0,0
BRDA:158,16,0,0
BRDA:171,17,0,0
BRDA:204,18,0,0
BRDA:204,19,0,0
BRDA:204,19,1,0
BRDA:211,20,0,0
BRDA:227,21,0,0
BRDA:232,22,0,0
BRDA:234,23,0,0
BRDA:288,24,0,0
BRDA:288,24,1,0
BRDA:294,25,0,0
BRDA:294,25,1,0
BRDA:298,26,0,0
BRDA:322,27,0,0
BRDA:333,28,0,0
BRDA:333,28,1,0
BRDA:343,29,0,0
BRDA:343,29,1,0
BRDA:343,30,0,0
BRDA:343,30,1,0
BRDA:346,31,0,0
BRDA:346,32,0,0
BRDA:346,32,1,0
BRDA:346,32,2,0
BRDA:350,33,0,0
BRDA:355,34,0,0
BRDA:356,35,0,0
BRDA:373,36,0,0
BRDA:384,37,0,0
BRDA:384,37,1,0
BRDA:82,38,0,0
BRDA:82,38,1,0
BRDA:82,38,2,0
BRDA:88,39,0,0
BRDA:88,39,1,0
BRDA:90,40,0,0
BRDA:90,40,1,0
BRDA:94,41,0,0
BRDA:94,41,1,0
BRDA:112,42,0,0
BRDA:112,42,1,0
BRDA:120,43,0,0
BRDA:120,44,0,0
BRDA:120,44,1,0
BRDA:120,44,2,0
BRDA:128,45,0,0
BRDA:128,45,1,0
BRDA:128,45,2,0
BRDA:131,46,0,0
BRDA:131,46,1,0
BRDA:143,47,0,0
BRDA:143,47,1,0
BRDA:143,47,2,0
BRDA:152,48,0,0
BRDA:156,49,0,0
BRDA:156,49,1,0
BRDA:158,50,0,0
BRDA:158,50,1,0
BRDA:171,51,0,0
BRDA:171,51,1,0
BRDA:204,52,0,0
BRDA:204,53,0,0
BRDA:204,53,1,0
BRDA:211,54,0,0
BRDA:227,55,0,0
BRDA:232,56,0,0
BRDA:233,57,0,0
BRDA:233,57,1,0
BRDA:294,58,0,0
BRDA:294,58,1,0
BRDA:298,59,0,0
BRDA:298,59,1,0
BRDA:322,60,0,0
BRDA:322,60,1,0
BRDA:333,61,0,0
BRDA:333,61,1,0
BRDA:343,62,0,0
BRDA:343,62,1,0
BRDA:355,63,0,0
BRDA:355,64,0,0
BRDA:355,64,1,0
BRDA:355,64,2,0
BRDA:355,64,3,0
BRDA:350,65,0,0
BRDA:350,65,1,0
BRDA:356,66,0,0
BRDA:373,67,0,0
BRDA:373,67,1,0
BRDA:383,68,0,0
BRDA:383,68,1,0
BRF:112
BRH:0
end_of_record
TN:
SF:js/src/dropdown.js
FN:98,Dropdown
FN:124,toggle
FN:140,show
FN:207,hide
FN:234,dispose
FN:245,update
FN:254,_addEventListeners
FN:255,(anonymous_128)
FN:262,_getConfig
FN:278,_getMenuElement
FN:289,_getPlacement
FN:309,_detectNavbar
FN:313,_getOffset
FN:317,(anonymous_134)
FN:332,_getPopperConfig
FN:361,_jQueryInterface
FN:362,(anonymous_137)
FN:380,_clearMenus
FN:439,_getParentFromElement
FN:451,_dataApiKeydownHandler
FN:491,(anonymous_141)
FN:110,get
FN:114,get
FN:118,get
FN:525,(anonymous_145)
FN:530,(anonymous_146)
FN:542,(anonymous_147)
FN:97,(anonymous_227)
FN:124,(anonymous_229)
FN:207,(anonymous_231)
FN:234,(anonymous_232)
FN:245,(anonymous_233)
FN:278,(anonymous_237)
FN:289,(anonymous_238)
FN:309,(anonymous_239)
FN:332,(anonymous_242)
FN:362,(anonymous_244)
FN:486,(anonymous_249)
FN:19,(anonymous_250)
FN:115,(anonymous_251)
FN:542,(anonymous_254)
FNF:41
FNH:0
FNDA:0,Dropdown
FNDA:0,toggle
FNDA:0,show
FNDA:0,hide
FNDA:0,dispose
FNDA:0,update
FNDA:0,_addEventListeners
FNDA:0,(anonymous_128)
FNDA:0,_getConfig
FNDA:0,_getMenuElement
FNDA:0,_getPlacement
FNDA:0,_detectNavbar
FNDA:0,_getOffset
FNDA:0,(anonymous_134)
FNDA:0,_getPopperConfig
FNDA:0,_jQueryInterface
FNDA:0,(anonymous_137)
FNDA:0,_clearMenus
FNDA:0,_getParentFromElement
FNDA:0,_dataApiKeydownHandler
FNDA:0,(anonymous_141)
FNDA:0,get
FNDA:0,get
FNDA:0,get
FNDA:0,(anonymous_145)
FNDA:0,(anonymous_146)
FNDA:0,(anonymous_147)
FNDA:0,(anonymous_227)
FNDA:0,(anonymous_229)
FNDA:0,(anonymous_231)
FNDA:0,(anonymous_232)
FNDA:0,(anonymous_233)
FNDA:0,(anonymous_237)
FNDA:0,(anonymous_238)
FNDA:0,(anonymous_239)
FNDA:0,(anonymous_242)
FNDA:0,(anonymous_244)
FNDA:0,(anonymous_249)
FNDA:0,(anonymous_250)
FNDA:0,(anonymous_251)
FNDA:0,(anonymous_254)
DA:18,0
DA:19,0
DA:20,0
DA:21,0
DA:22,0
DA:23,0
DA:24,0
DA:25,0
DA:26,0
DA:27,0
DA:28,0
DA:29,0
DA:30,0
DA:32,0
DA:43,0
DA:44,0
DA:45,0
DA:46,0
DA:47,0
DA:48,0
DA:49,0
DA:51,0
DA:54,0
DA:55,0
DA:56,0
DA:57,0
DA:58,0
DA:59,0
DA:62,0
DA:63,0
DA:64,0
DA:65,0
DA:66,0
DA:67,0
DA:69,0
DA:73,0
DA:82,0
DA:97,0
DA:99,0
DA:100,0
DA:101,0
DA:102,0
DA:103,0
DA:105,0
DA:111,0
DA:115,0
DA:119,0
DA:124,0
DA:125,0
DA:126,0
DA:129,0
DA:131,0
DA:133,0
DA:134,0
DA:137,0
DA:140,0
DA:141,0
DA:142,0
DA:145,0
DA:148,0
DA:149,0
DA:151,0
DA:153,0
DA:154,0
DA:158,0
DA:163,0
DA:164,0
DA:167,0
DA:169,0
DA:170,0
DA:171,0
DA:172,0
DA:175,0
DA:176,0
DA:183,0
DA:184,0
DA:186,0
DA:193,0
DA:195,0
DA:198,0
DA:199,0
DA:201,0
DA:202,0
DA:207,0
DA:208,0
DA:209,0
DA:212,0
DA:215,0
DA:216,0
DA:218,0
DA:220,0
DA:221,0
DA:224,0
DA:225,0
DA:228,0
DA:229,0
DA:234,0
DA:235,0
DA:236,0
DA:237,0
DA:238,0
DA:239,0
DA:240,0
DA:241,0
DA:246,0
DA:247,0
DA:248,0
DA:254,0
DA:255,0
DA:256,0
DA:257,0
DA:258,0
DA:262,0
DA:263,0
DA:269,0
DA:275,0
DA:278,0
DA:279,0
DA:280,0
DA:282,0
DA:283,0
DA:286,0
DA:289,0
DA:290,0
DA:291,0
DA:294,0
DA:295,0
DA:296,0
DA:297,0
DA:299,0
DA:300,0
DA:301,0
DA:302,0
DA:303,0
DA:304,0
DA:306,0
DA:309,0
DA:310,0
DA:313,0
DA:314,0
DA:316,0
DA:317,0
DA:318,0
DA:323,0
DA:326,0
DA:329,0
DA:333,0
DA:347,0
DA:348,0
DA:353,0
DA:361,0
DA:362,0
DA:363,0
DA:364,0
DA:366,0
DA:367,0
DA:368,0
DA:371,0
DA:372,0
DA:373,0
DA:375,0
DA:380,0
DA:381,0
DA:383,0
DA:386,0
DA:388,0
DA:389,0
DA:390,0
DA:391,0
DA:395,0
DA:396,0
DA:399,0
DA:400,0
DA:403,0
DA:404,0
DA:405,0
DA:408,0
DA:411,0
DA:414,0
DA:415,0
DA:416,0
DA:417,0
DA:422,0
DA:423,0
DA:426,0
DA:428,0
DA:429,0
DA:432,0
DA:433,0
DA:441,0
DA:443,0
DA:444,0
DA:447,0
DA:451,0
DA:459,0
DA:463,0
DA:466,0
DA:467,0
DA:469,0
DA:470,0
DA:473,0
DA:474,0
DA:476,0
DA:477,0
DA:480,0
DA:481,0
DA:482,0
DA:483,0
DA:486,0
DA:487,0
DA:490,0
DA:491,0
DA:493,0
DA:494,0
DA:497,0
DA:499,0
DA:500,0
DA:503,0
DA:504,0
DA:507,0
DA:508,0
DA:511,0
DA:521,0
DA:526,0
DA:527,0
DA:528,0
DA:531,0
DA:540,0
DA:541,0
DA:542,0
DA:543,0
DA:544,0
LF:232
LH:0
BRDA:125,0,0,0
BRDA:125,1,0,0
BRDA:125,1,1,0
BRDA:133,2,0,0
BRDA:140,3,0,0
BRDA:141,4,0,0
BRDA:141,5,0,0
BRDA:141,5,1,0
BRDA:141,5,2,0
BRDA:153,6,0,0
BRDA:158,7,0,0
BRDA:158,8,0,0
BRDA:158,8,1,0
BRDA:163,9,0,0
BRDA:169,10,0,0
BRDA:169,10,1,0
BRDA:171,11,0,0
BRDA:175,12,0,0
BRDA:183,13,0,0
BRDA:193,14,0,0
BRDA:193,15,0,0
BRDA:193,15,1,0
BRDA:208,16,0,0
BRDA:208,17,0,0
BRDA:208,17,1,0
BRDA:208,17,2,0
BRDA:220,18,0,0
BRDA:224,19,0,0
BRDA:239,20,0,0
BRDA:247,21,0,0
BRDA:279,22,0,0
BRDA:282,23,0,0
BRDA:294,24,0,0
BRDA:294,24,1,0
BRDA:296,25,0,0
BRDA:299,26,0,0
BRDA:299,26,1,0
BRDA:301,27,0,0
BRDA:301,27,1,0
BRDA:303,28,0,0
BRDA:316,29,0,0
BRDA:316,29,1,0
BRDA:320,30,0,0
BRDA:320,30,1,0
BRDA:347,31,0,0
BRDA:364,32,0,0
BRDA:364,32,1,0
BRDA:366,33,0,0
BRDA:371,34,0,0
BRDA:372,35,0,0
BRDA:381,36,0,0
BRDA:381,37,0,0
BRDA:381,37,1,0
BRDA:381,37,2,0
BRDA:381,37,3,0
BRDA:395,38,0,0
BRDA:395,39,0,0
BRDA:395,39,1,0
BRDA:399,40,0,0
BRDA:404,41,0,0
BRDA:408,42,0,0
BRDA:408,43,0,0
BRDA:408,43,1,0
BRDA:408,43,2,0
BRDA:408,43,3,0
BRDA:408,43,4,0
BRDA:408,43,5,0
BRDA:416,44,0,0
BRDA:422,45,0,0
BRDA:428,46,0,0
BRDA:443,47,0,0
BRDA:447,48,0,0
BRDA:447,48,1,0
BRDA:459,49,0,0
BRDA:459,50,0,0
BRDA:459,50,1,0
BRDA:460,51,0,0
BRDA:460,51,1,0
BRDA:460,51,2,0
BRDA:460,51,3,0
BRDA:460,51,4,0
BRDA:469,52,0,0
BRDA:469,53,0,0
BRDA:469,53,1,0
BRDA:476,54,0,0
BRDA:476,55,0,0
BRDA:476,55,1,0
BRDA:480,56,0,0
BRDA:480,57,0,0
BRDA:480,57,1,0
BRDA:480,57,2,0
BRDA:480,57,3,0
BRDA:481,58,0,0
BRDA:493,59,0,0
BRDA:499,60,0,0
BRDA:499,61,0,0
BRDA:499,61,1,0
BRDA:503,62,0,0
BRDA:503,63,0,0
BRDA:503,63,1,0
BRDA:507,64,0,0
BRDA:125,65,0,0
BRDA:125,66,0,0
BRDA:125,66,1,0
BRDA:133,67,0,0
BRDA:133,67,1,0
BRDA:141,68,0,0
BRDA:141,69,0,0
BRDA:141,69,1,0
BRDA:141,70,0,0
BRDA:141,70,1,0
BRDA:141,70,2,0
BRDA:153,71,0,0
BRDA:158,72,0,0
BRDA:158,73,0,0
BRDA:158,73,1,0
BRDA:163,74,0,0
BRDA:169,75,0,0
BRDA:169,75,1,0
BRDA:171,76,0,0
BRDA:171,76,1,0
BRDA:175,77,0,0
BRDA:175,77,1,0
BRDA:183,78,0,0
BRDA:183,78,1,0
BRDA:193,79,0,0
BRDA:193,79,1,0
BRDA:193,79,2,0
BRDA:208,80,0,0
BRDA:208,81,0,0
BRDA:208,81,1,0
BRDA:208,81,2,0
BRDA:220,82,0,0
BRDA:220,82,1,0
BRDA:224,83,0,0
BRDA:224,83,1,0
BRDA:237,84,0,0
BRDA:237,84,1,0
BRDA:247,85,0,0
BRDA:247,85,1,0
BRDA:279,86,0,0
BRDA:282,87,0,0
BRDA:282,87,1,0
BRDA:294,88,0,0
BRDA:294,88,1,0
BRDA:296,89,0,0
BRDA:296,89,1,0
BRDA:299,90,0,0
BRDA:299,90,1,0
BRDA:301,91,0,0
BRDA:301,91,1,0
BRDA:303,92,0,0
BRDA:303,92,1,0
BRDA:316,93,0,0
BRDA:316,93,1,0
BRDA:320,94,0,0
BRDA:320,94,1,0
BRDA:347,95,0,0
BRDA:347,95,1,0
BRDA:371,96,0,0
BRDA:366,97,0,0
BRDA:366,97,1,0
BRDA:372,98,0,0
BRDA:381,99,0,0
BRDA:381,100,0,0
BRDA:381,100,1,0
BRDA:381,100,2,0
BRDA:381,100,3,0
BRDA:399,101,0,0
BRDA:395,102,0,0
BRDA:395,102,1,0
BRDA:395,102,2,0
BRDA:404,103,0,0
BRDA:404,104,0,0
BRDA:404,104,1,0
BRDA:408,105,0,0
BRDA:408,105,1,0
BRDA:408,105,2,0
BRDA:408,105,3,0
BRDA:408,105,4,0
BRDA:408,105,5,0
BRDA:416,106,0,0
BRDA:416,106,1,0
BRDA:422,107,0,0
BRDA:422,107,1,0
BRDA:428,108,0,0
BRDA:428,108,1,0
BRDA:443,109,0,0
BRDA:443,109,1,0
BRDA:447,110,0,0
BRDA:447,110,1,0
BRDA:459,111,0,0
BRDA:459,112,0,0
BRDA:459,112,1,0
BRDA:459,113,0,0
BRDA:459,113,1,0
BRDA:25,114,0,0
BRDA:25,114,1,0
BRDA:25,114,2,0
BRDA:25,114,3,0
BRDA:25,114,4,0
BRDA:467,115,0,0
BRDA:467,115,1,0
BRDA:476,116,0,0
BRDA:476,117,0,0
BRDA:476,117,1,0
BRDA:480,118,0,0
BRDA:480,118,1,0
BRDA:480,119,0,0
BRDA:480,119,1,0
BRDA:480,119,2,0
BRDA:480,119,3,0
BRDA:493,120,0,0
BRDA:27,121,0,0
BRDA:27,121,1,0
BRDA:27,121,2,0
BRDA:28,122,0,0
BRDA:28,122,1,0
BRDA:28,122,2,0
BRDA:507,123,0,0
BRDA:507,123,1,0
BRDA:481,124,0,0
BRF:222
BRH:0
end_of_record
TN:
SF:js/src/modal.js
FN:80,Modal
FN:104,toggle
FN:108,show
FN:140,(anonymous_152)
FN:143,(anonymous_153)
FN:144,(anonymous_154)
FN:151,(anonymous_155)
FN:154,hide
FN:193,(anonymous_157)
FN:200,dispose
FN:202,(anonymous_159)
FN:224,handleUpdate
FN:230,_getConfig
FN:239,_triggerBackdropTransition
FN:252,(anonymous_163)
FN:262,_showElement
FN:296,transitionComplete
FN:315,_enforceFocus
FN:318,(anonymous_167)
FN:327,_setEscapeEvent
FN:329,(anonymous_169)
FN:339,_setResizeEvent
FN:341,(anonymous_171)
FN:347,_hideModal
FN:352,(anonymous_173)
FN:360,_removeBackdrop
FN:367,_showBackdrop
FN:381,(anonymous_176)
FN:416,callbackRemove
FN:442,_adjustDialog
FN:455,_resetAdjustments
FN:460,_checkScrollbar
FN:466,_setScrollbar
FN:474,(anonymous_182)
FN:483,(anonymous_183)
FN:502,_resetScrollbar
FN:505,(anonymous_185)
FN:513,(anonymous_186)
FN:526,_getScrollbarWidth
FN:537,_jQueryInterface
FN:538,(anonymous_189)
FN:94,get
FN:98,get
FN:569,(anonymous_192)
FN:587,(anonymous_193)
FN:593,(anonymous_194)
FN:611,(anonymous_195)
FN:79,(anonymous_255)
FN:143,(anonymous_260)
FN:200,(anonymous_265)
FN:224,(anonymous_267)
FN:252,(anonymous_270)
FN:296,o
FN:352,(anonymous_280)
FN:360,(anonymous_281)
FN:416,(anonymous_284)
FN:442,(anonymous_285)
FN:455,(anonymous_286)
FN:460,(anonymous_287)
FN:502,(anonymous_291)
FN:526,(anonymous_294)
FN:538,(anonymous_296)
FN:557,(anonymous_297)
FN:18,(anonymous_298)
FN:593,(anonymous_301)
FN:611,(anonymous_302)
FNF:66
FNH:0
FNDA:0,Modal
FNDA:0,toggle
FNDA:0,show
FNDA:0,(anonymous_152)
FNDA:0,(anonymous_153)
FNDA:0,(anonymous_154)
FNDA:0,(anonymous_155)
FNDA:0,hide
FNDA:0,(anonymous_157)
FNDA:0,dispose
FNDA:0,(anonymous_159)
FNDA:0,handleUpdate
FNDA:0,_getConfig
FNDA:0,_triggerBackdropTransition
FNDA:0,(anonymous_163)
FNDA:0,_showElement
FNDA:0,transitionComplete
FNDA:0,_enforceFocus
FNDA:0,(anonymous_167)
FNDA:0,_setEscapeEvent
FNDA:0,(anonymous_169)
FNDA:0,_setResizeEvent
FNDA:0,(anonymous_171)
FNDA:0,_hideModal
FNDA:0,(anonymous_173)
FNDA:0,_removeBackdrop
FNDA:0,_showBackdrop
FNDA:0,(anonymous_176)
FNDA:0,callbackRemove
FNDA:0,_adjustDialog
FNDA:0,_resetAdjustments
FNDA:0,_checkScrollbar
FNDA:0,_setScrollbar
FNDA:0,(anonymous_182)
FNDA:0,(anonymous_183)
FNDA:0,_resetScrollbar
FNDA:0,(anonymous_185)
FNDA:0,(anonymous_186)
FNDA:0,_getScrollbarWidth
FNDA:0,_jQueryInterface
FNDA:0,(anonymous_189)
FNDA:0,get
FNDA:0,get
FNDA:0,(anonymous_192)
FNDA:0,(anonymous_193)
FNDA:0,(anonymous_194)
FNDA:0,(anonymous_195)
FNDA:0,(anonymous_255)
FNDA:0,(anonymous_260)
FNDA:0,(anonymous_265)
FNDA:0,(anonymous_267)
FNDA:0,(anonymous_270)
FNDA:0,o
FNDA:0,(anonymous_280)
FNDA:0,(anonymous_281)
FNDA:0,(anonymous_284)
FNDA:0,(anonymous_285)
FNDA:0,(anonymous_286)
FNDA:0,(anonymous_287)
FNDA:0,(anonymous_291)
FNDA:0,(anonymous_294)
FNDA:0,(anonymous_296)
FNDA:0,(anonymous_297)
FNDA:0,(anonymous_298)
FNDA:0,(anonymous_301)
FNDA:0,(anonymous_302)
DA:17,0
DA:18,0
DA:19,0
DA:20,0
DA:21,0
DA:22,0
DA:23,0
DA:25,0
DA:32,0
DA:39,0
DA:54,0
DA:55,0
DA:56,0
DA:57,0
DA:58,0
DA:59,0
DA:60,0
DA:61,0
DA:64,0
DA:65,0
DA:66,0
DA:67,0
DA:68,0
DA:69,0
DA:70,0
DA:79,0
DA:81,0
DA:82,0
DA:83,0
DA:84,0
DA:85,0
DA:86,0
DA:87,0
DA:88,0
DA:89,0
DA:95,0
DA:99,0
DA:104,0
DA:105,0
DA:108,0
DA:109,0
DA:110,0
DA:113,0
DA:114,0
DA:117,0
DA:121,0
DA:123,0
DA:124,0
DA:127,0
DA:129,0
DA:130,0
DA:132,0
DA:134,0
DA:135,0
DA:137,0
DA:140,0
DA:143,0
DA:144,0
DA:145,0
DA:146,0
DA:151,0
DA:154,0
DA:155,0
DA:156,0
DA:159,0
DA:160,0
DA:163,0
DA:165,0
DA:167,0
DA:168,0
DA:171,0
DA:172,0
DA:174,0
DA:175,0
DA:178,0
DA:179,0
DA:181,0
DA:183,0
DA:185,0
DA:186,0
DA:189,0
DA:190,0
DA:192,0
DA:193,0
DA:196,0
DA:200,0
DA:201,0
DA:202,0
DA:209,0
DA:211,0
DA:213,0
DA:214,0
DA:215,0
DA:216,0
DA:217,0
DA:218,0
DA:219,0
DA:220,0
DA:221,0
DA:225,0
DA:230,0
DA:231,0
DA:235,0
DA:236,0
DA:239,0
DA:240,0
DA:241,0
DA:243,0
DA:244,0
DA:245,0
DA:248,0
DA:250,0
DA:252,0
DA:253,0
DA:256,0
DA:258,0
DA:262,0
DA:263,0
DA:264,0
DA:266,0
DA:269,0
DA:272,0
DA:273,0
DA:274,0
DA:276,0
DA:277,0
DA:279,0
DA:282,0
DA:283,0
DA:286,0
DA:288,0
DA:289,0
DA:292,0
DA:296,0
DA:297,0
DA:298,0
DA:300,0
DA:301,0
DA:304,0
DA:305,0
DA:307,0
DA:311,0
DA:315,0
DA:316,0
DA:319,0
DA:322,0
DA:327,0
DA:328,0
DA:329,0
DA:330,0
DA:331,0
DA:334,0
DA:335,0
DA:339,0
DA:340,0
DA:341,0
DA:343,0
DA:347,0
DA:348,0
DA:349,0
DA:350,0
DA:351,0
DA:352,0
DA:353,0
DA:354,0
DA:355,0
DA:356,0
DA:360,0
DA:361,0
DA:362,0
DA:363,0
DA:367,0
DA:368,0
DA:371,0
DA:372,0
DA:373,0
DA:375,0
DA:376,0
DA:379,0
DA:381,0
DA:382,0
DA:383,0
DA:384,0
DA:386,0
DA:387,0
DA:390,0
DA:393,0
DA:394,0
DA:397,0
DA:399,0
DA:400,0
DA:403,0
DA:404,0
DA:405,0
DA:408,0
DA:410,0
DA:413,0
DA:414,0
DA:416,0
DA:417,0
DA:418,0
DA:419,0
DA:423,0
DA:424,0
DA:426,0
DA:430,0
DA:432,0
DA:433,0
DA:442,0
DA:444,0
DA:446,0
DA:447,0
DA:450,0
DA:451,0
DA:455,0
DA:456,0
DA:457,0
DA:460,0
DA:461,0
DA:462,0
DA:463,0
DA:466,0
DA:467,0
DA:470,0
DA:471,0
DA:474,0
DA:475,0
DA:476,0
DA:477,0
DA:483,0
DA:484,0
DA:485,0
DA:486,0
DA:492,0
DA:493,0
DA:494,0
DA:499,0
DA:502,0
DA:504,0
DA:505,0
DA:506,0
DA:507,0
DA:508,0
DA:512,0
DA:513,0
DA:514,0
DA:515,0
DA:516,0
DA:521,0
DA:522,0
DA:523,0
DA:527,0
DA:528,0
DA:529,0
DA:530,0
DA:531,0
DA:532,0
DA:537,0
DA:538,0
DA:539,0
DA:540,0
DA:546,0
DA:547,0
DA:548,0
DA:551,0
DA:552,0
DA:553,0
DA:555,0
DA:556,0
DA:557,0
DA:569,0
DA:571,0
DA:573,0
DA:574,0
DA:577,0
DA:583,0
DA:584,0
DA:587,0
DA:588,0
DA:590,0
DA:593,0
DA:594,0
DA:595,0
DA:600,0
DA:609,0
DA:610,0
DA:611,0
DA:612,0
DA:613,0
LF:289
LH:0
BRDA:105,0,0,0
BRDA:105,0,1,0
BRDA:109,1,0,0
BRDA:109,2,0,0
BRDA:109,2,1,0
BRDA:113,3,0,0
BRDA:123,4,0,0
BRDA:123,5,0,0
BRDA:123,5,1,0
BRDA:145,6,0,0
BRDA:155,7,0,0
BRDA:159,8,0,0
BRDA:159,9,0,0
BRDA:159,9,1,0
BRDA:167,10,0,0
BRDA:167,11,0,0
BRDA:167,11,1,0
BRDA:174,12,0,0
BRDA:189,13,0,0
BRDA:189,13,1,0
BRDA:240,14,0,0
BRDA:240,14,1,0
BRDA:244,15,0,0
BRDA:264,16,0,0
BRDA:264,16,1,0
BRDA:266,17,0,0
BRDA:266,18,0,0
BRDA:266,18,1,0
BRDA:276,19,0,0
BRDA:276,19,1,0
BRDA:276,20,0,0
BRDA:276,20,1,0
BRDA:282,21,0,0
BRDA:288,22,0,0
BRDA:297,23,0,0
BRDA:304,24,0,0
BRDA:304,24,1,0
BRDA:319,25,0,0
BRDA:319,26,0,0
BRDA:319,26,1,0
BRDA:319,26,2,0
BRDA:328,27,0,0
BRDA:328,27,1,0
BRDA:328,28,0,0
BRDA:328,28,1,0
BRDA:330,29,0,0
BRDA:334,30,0,0
BRDA:340,31,0,0
BRDA:340,31,1,0
BRDA:361,32,0,0
BRDA:368,33,0,0
BRDA:368,33,1,0
BRDA:371,34,0,0
BRDA:371,34,1,0
BRDA:371,35,0,0
BRDA:371,35,1,0
BRDA:375,36,0,0
BRDA:382,37,0,0
BRDA:386,38,0,0
BRDA:393,39,0,0
BRDA:399,40,0,0
BRDA:403,41,0,0
BRDA:413,42,0,0
BRDA:413,42,1,0
BRDA:413,43,0,0
BRDA:413,43,1,0
BRDA:418,44,0,0
BRDA:423,45,0,0
BRDA:423,45,1,0
BRDA:432,46,0,0
BRDA:446,47,0,0
BRDA:446,48,0,0
BRDA:446,48,1,0
BRDA:450,49,0,0
BRDA:450,50,0,0
BRDA:450,50,1,0
BRDA:467,51,0,0
BRDA:508,52,0,0
BRDA:508,52,1,0
BRDA:515,53,0,0
BRDA:523,54,0,0
BRDA:523,54,1,0
BRDA:543,55,0,0
BRDA:543,55,1,0
BRDA:543,56,0,0
BRDA:543,56,1,0
BRDA:546,57,0,0
BRDA:551,58,0,0
BRDA:551,58,1,0
BRDA:552,59,0,0
BRDA:556,60,0,0
BRDA:573,61,0,0
BRDA:577,62,0,0
BRDA:577,62,1,0
BRDA:583,63,0,0
BRDA:583,64,0,0
BRDA:583,64,1,0
BRDA:588,65,0,0
BRDA:594,66,0,0
BRDA:105,67,0,0
BRDA:105,67,1,0
BRDA:109,68,0,0
BRDA:109,69,0,0
BRDA:109,69,1,0
BRDA:113,70,0,0
BRDA:113,70,1,0
BRDA:123,71,0,0
BRDA:123,71,1,0
BRDA:123,71,2,0
BRDA:145,72,0,0
BRDA:145,72,1,0
BRDA:159,73,0,0
BRDA:155,74,0,0
BRDA:155,74,1,0
BRDA:159,75,0,0
BRDA:159,75,1,0
BRDA:167,76,0,0
BRDA:167,77,0,0
BRDA:167,77,1,0
BRDA:189,78,0,0
BRDA:189,78,1,0
BRDA:174,79,0,0
BRDA:174,79,1,0
BRDA:240,80,0,0
BRDA:240,80,1,0
BRDA:244,81,0,0
BRDA:264,82,0,0
BRDA:264,82,1,0
BRDA:266,83,0,0
BRDA:266,83,1,0
BRDA:266,83,2,0
BRDA:276,84,0,0
BRDA:276,84,1,0
BRDA:276,85,0,0
BRDA:276,85,1,0
BRDA:282,86,0,0
BRDA:282,86,1,0
BRDA:288,87,0,0
BRDA:288,87,1,0
BRDA:297,88,0,0
BRDA:297,88,1,0
BRDA:304,89,0,0
BRDA:304,89,1,0
BRDA:319,90,0,0
BRDA:319,90,1,0
BRDA:319,90,2,0
BRDA:319,90,3,0
BRDA:328,91,0,0
BRDA:328,91,1,0
BRDA:328,92,0,0
BRDA:328,92,1,0
BRDA:23,93,0,0
BRDA:23,93,1,0
BRDA:334,94,0,0
BRDA:334,94,1,0
BRDA:340,95,0,0
BRDA:340,95,1,0
BRDA:361,96,0,0
BRDA:361,96,1,0
BRDA:371,97,0,0
BRDA:371,97,1,0
BRDA:399,98,0,0
BRDA:375,99,0,0
BRDA:375,99,1,0
BRDA:382,100,0,0
BRDA:382,100,1,0
BRDA:386,101,0,0
BRDA:386,101,1,0
BRDA:393,102,0,0
BRDA:393,102,1,0
BRDA:403,103,0,0
BRDA:413,104,0,0
BRDA:413,104,1,0
BRDA:413,105,0,0
BRDA:413,105,1,0
BRDA:418,106,0,0
BRDA:418,106,1,0
BRDA:423,107,0,0
BRDA:423,107,1,0
BRDA:432,108,0,0
BRDA:432,108,1,0
BRDA:444,109,0,0
BRDA:444,109,1,0
BRDA:444,109,2,0
BRDA:450,110,0,0
BRDA:450,110,1,0
BRDA:450,110,2,0
BRDA:467,111,0,0
BRDA:508,112,0,0
BRDA:508,112,1,0
BRDA:515,113,0,0
BRDA:515,113,1,0
BRDA:523,114,0,0
BRDA:523,114,1,0
BRDA:543,115,0,0
BRDA:543,115,1,0
BRDA:551,116,0,0
BRDA:551,116,1,0
BRDA:546,117,0,0
BRDA:546,117,1,0
BRDA:552,118,0,0
BRDA:556,119,0,0
BRDA:556,119,1,0
BRDA:573,120,0,0
BRDA:573,120,1,0
BRDA:577,121,0,0
BRDA:577,121,1,0
BRDA:583,122,0,0
BRDA:583,122,1,0
BRDA:583,122,2,0
BRDA:588,123,0,0
BRDA:588,123,1,0
BRDA:594,124,0,0
BRDA:594,124,1,0
BRF:214
BRH:0
end_of_record
TN:
SF:js/src/popover.js
FN:103,isWithContent
FN:107,addAttachmentClass
FN:111,getTipElement
FN:116,setContent
FN:132,_getContent
FN:137,_cleanTipClass
FN:147,_jQueryInterface
FN:148,(anonymous_263)
FN:73,get
FN:77,get
FN:81,get
FN:85,get
FN:89,get
FN:93,get
FN:97,get
FN:179,(anonymous_271)
FN:70,(anonymous_361)
FN:103,(anonymous_364)
FN:111,(anonymous_366)
FN:116,(anonymous_367)
FN:132,(anonymous_368)
FN:137,(anonymous_369)
FN:148,(anonymous_371)
FN:165,(anonymous_372)
FN:18,(anonymous_373)
FN:78,(anonymous_374)
FN:82,(anonymous_375)
FN:86,(anonymous_376)
FN:90,(anonymous_377)
FN:94,(anonymous_378)
FN:179,(anonymous_379)
FNF:31
FNH:0
FNDA:0,isWithContent
FNDA:0,addAttachmentClass
FNDA:0,getTipElement
FNDA:0,setContent
FNDA:0,_getContent
FNDA:0,_cleanTipClass
FNDA:0,_jQueryInterface
FNDA:0,(anonymous_263)
FNDA:0,get
FNDA:0,get
FNDA:0,get
FNDA:0,get
FNDA:0,get
FNDA:0,get
FNDA:0,get
FNDA:0,(anonymous_271)
FNDA:0,(anonymous_361)
FNDA:0,(anonymous_364)
FNDA:0,(anonymous_366)
FNDA:0,(anonymous_367)
FNDA:0,(anonymous_368)
FNDA:0,(anonymous_369)
FNDA:0,(anonymous_371)
FNDA:0,(anonymous_372)
FNDA:0,(anonymous_373)
FNDA:0,(anonymous_374)
FNDA:0,(anonymous_375)
FNDA:0,(anonymous_376)
FNDA:0,(anonymous_377)
FNDA:0,(anonymous_378)
FNDA:0,(anonymous_379)
DA:17,0
DA:18,0
DA:19,0
DA:20,0
DA:21,0
DA:22,0
DA:23,0
DA:25,0
DA:36,0
DA:41,0
DA:42,0
DA:43,0
DA:46,0
DA:47,0
DA:48,0
DA:51,0
DA:70,0
DA:74,0
DA:78,0
DA:82,0
DA:86,0
DA:90,0
DA:94,0
DA:98,0
DA:103,0
DA:104,0
DA:107,0
DA:108,0
DA:111,0
DA:112,0
DA:113,0
DA:117,0
DA:120,0
DA:121,0
DA:122,0
DA:123,0
DA:125,0
DA:127,0
DA:132,0
DA:133,0
DA:138,0
DA:139,0
DA:140,0
DA:141,0
DA:147,0
DA:148,0
DA:149,0
DA:150,0
DA:152,0
DA:153,0
DA:156,0
DA:157,0
DA:158,0
DA:161,0
DA:162,0
DA:163,0
DA:165,0
DA:177,0
DA:178,0
DA:179,0
DA:180,0
DA:181,0
LF:62
LH:0
BRDA:104,0,0,0
BRDA:104,0,1,0
BRDA:112,1,0,0
BRDA:112,1,1,0
BRDA:122,2,0,0
BRDA:133,3,0,0
BRDA:133,3,1,0
BRDA:140,4,0,0
BRDA:140,5,0,0
BRDA:140,5,1,0
BRDA:150,6,0,0
BRDA:150,6,1,0
BRDA:152,7,0,0
BRDA:152,8,0,0
BRDA:152,8,1,0
BRDA:156,9,0,0
BRDA:161,10,0,0
BRDA:162,11,0,0
BRDA:70,12,0,0
BRDA:70,12,1,0
BRDA:104,13,0,0
BRDA:104,13,1,0
BRDA:112,14,0,0
BRDA:112,14,1,0
BRDA:122,15,0,0
BRDA:122,15,1,0
BRDA:133,16,0,0
BRDA:133,16,1,0
BRDA:140,17,0,0
BRDA:140,17,1,0
BRDA:140,17,2,0
BRDA:152,18,0,0
BRDA:152,19,0,0
BRDA:152,19,1,0
BRDA:152,19,2,0
BRDA:156,20,0,0
BRDA:156,20,1,0
BRDA:162,21,0,0
BRF:38
BRH:0
end_of_record
TN:
SF:js/src/scrollspy.js
FN:72,ScrollSpy
FN:84,(anonymous_274)
FN:102,refresh
FN:120,(anonymous_276)
FN:140,(anonymous_277)
FN:141,(anonymous_278)
FN:142,(anonymous_279)
FN:148,dispose
FN:164,_getConfig
FN:184,_getScrollTop
FN:189,_getScrollHeight
FN:196,_getOffsetHeight
FN:201,_process
FN:240,_activate
FN:247,(anonymous_287)
FN:269,_clear
FN:271,(anonymous_289)
FN:272,(anonymous_290)
FN:277,_jQueryInterface
FN:278,(anonymous_292)
FN:92,get
FN:96,get
FN:303,(anonymous_295)
FN:321,(anonymous_296)
FN:71,(anonymous_380)
FN:148,(anonymous_388)
FN:184,(anonymous_390)
FN:189,(anonymous_391)
FN:196,(anonymous_392)
FN:201,(anonymous_393)
FN:269,(anonymous_396)
FN:278,(anonymous_400)
FN:291,(anonymous_401)
FN:18,(anonymous_402)
FN:303,(anonymous_403)
FN:321,(anonymous_404)
FNF:36
FNH:0
FNDA:0,ScrollSpy
FNDA:0,(anonymous_274)
FNDA:0,refresh
FNDA:0,(anonymous_276)
FNDA:0,(anonymous_277)
FNDA:0,(anonymous_278)
FNDA:0,(anonymous_279)
FNDA:0,dispose
FNDA:0,_getConfig
FNDA:0,_getScrollTop
FNDA:0,_getScrollHeight
FNDA:0,_getOffsetHeight
FNDA:0,_process
FNDA:0,_activate
FNDA:0,(anonymous_287)
FNDA:0,_clear
FNDA:0,(anonymous_289)
FNDA:0,(anonymous_290)
FNDA:0,_jQueryInterface
FNDA:0,(anonymous_292)
FNDA:0,get
FNDA:0,get
FNDA:0,(anonymous_295)
FNDA:0,(anonymous_296)
FNDA:0,(anonymous_380)
FNDA:0,(anonymous_388)
FNDA:0,(anonymous_390)
FNDA:0,(anonymous_391)
FNDA:0,(anonymous_392)
FNDA:0,(anonymous_393)
FNDA:0,(anonymous_396)
FNDA:0,(anonymous_400)
FNDA:0,(anonymous_401)
FNDA:0,(anonymous_402)
FNDA:0,(anonymous_403)
FNDA:0,(anonymous_404)
DA:17,0
DA:18,0
DA:19,0
DA:20,0
DA:21,0
DA:22,0
DA:24,0
DA:30,0
DA:36,0
DA:42,0
DA:43,0
DA:45,0
DA:48,0
DA:49,0
DA:51,0
DA:52,0
DA:53,0
DA:54,0
DA:55,0
DA:56,0
DA:57,0
DA:60,0
DA:61,0
DA:62,0
DA:71,0
DA:72,0
DA:73,0
DA:74,0
DA:75,0
DA:76,0
DA:79,0
DA:80,0
DA:81,0
DA:82,0
DA:84,0
DA:86,0
DA:87,0
DA:93,0
DA:97,0
DA:102,0
DA:103,0
DA:106,0
DA:109,0
DA:112,0
DA:113,0
DA:115,0
DA:117,0
DA:119,0
DA:122,0
DA:124,0
DA:125,0
DA:128,0
DA:129,0
DA:130,0
DA:132,0
DA:138,0
DA:140,0
DA:141,0
DA:143,0
DA:144,0
DA:149,0
DA:150,0
DA:152,0
DA:153,0
DA:154,0
DA:155,0
DA:156,0
DA:157,0
DA:158,0
DA:159,0
DA:164,0
DA:165,0
DA:170,0
DA:171,0
DA:172,0
DA:173,0
DA:174,0
DA:176,0
DA:179,0
DA:181,0
DA:184,0
DA:185,0
DA:189,0
DA:190,0
DA:196,0
DA:197,0
DA:201,0
DA:202,0
DA:203,0
DA:204,0
DA:208,0
DA:209,0
DA:212,0
DA:213,0
DA:215,0
DA:216,0
DA:218,0
DA:221,0
DA:222,0
DA:223,0
DA:224,0
DA:227,0
DA:228,0
DA:229,0
DA:234,0
DA:235,0
DA:240,0
DA:241,0
DA:243,0
DA:245,0
DA:247,0
DA:249,0
DA:251,0
DA:252,0
DA:253,0
DA:256,0
DA:259,0
DA:261,0
DA:264,0
DA:270,0
DA:271,0
DA:272,0
DA:277,0
DA:278,0
DA:279,0
DA:280,0
DA:282,0
DA:283,0
DA:284,0
DA:287,0
DA:288,0
DA:289,0
DA:291,0
DA:303,0
DA:304,0
DA:305,0
DA:307,0
DA:308,0
DA:309,0
DA:319,0
DA:320,0
DA:321,0
DA:322,0
DA:323,0
LF:144
LH:0
BRDA:74,0,0,0
BRDA:74,0,1,0
BRDA:103,1,0,0
BRDA:103,1,1,0
BRDA:106,2,0,0
BRDA:106,2,1,0
BRDA:109,3,0,0
BRDA:109,3,1,0
BRDA:124,4,0,0
BRDA:128,5,0,0
BRDA:130,6,0,0
BRDA:130,7,0,0
BRDA:130,7,1,0
BRDA:167,8,0,0
BRDA:167,8,1,0
BRDA:167,9,0,0
BRDA:167,9,1,0
BRDA:170,10,0,0
BRDA:172,11,0,0
BRDA:185,12,0,0
BRDA:185,12,1,0
BRDA:190,13,0,0
BRDA:190,13,1,0
BRDA:197,14,0,0
BRDA:197,14,1,0
BRDA:208,15,0,0
BRDA:212,16,0,0
BRDA:215,17,0,0
BRDA:221,18,0,0
BRDA:221,19,0,0
BRDA:221,19,1,0
BRDA:221,19,2,0
BRDA:229,20,0,0
BRDA:229,20,1,0
BRDA:229,20,2,0
BRDA:229,20,3,0
BRDA:234,21,0,0
BRDA:251,22,0,0
BRDA:251,22,1,0
BRDA:280,23,0,0
BRDA:280,23,1,0
BRDA:282,24,0,0
BRDA:287,25,0,0
BRDA:288,26,0,0
BRDA:109,27,0,0
BRDA:109,27,1,0
BRDA:128,28,0,0
BRDA:124,29,0,0
BRDA:124,29,1,0
BRDA:130,30,0,0
BRDA:130,31,0,0
BRDA:130,31,1,0
BRDA:170,32,0,0
BRDA:167,33,0,0
BRDA:167,33,1,0
BRDA:172,34,0,0
BRDA:172,34,1,0
BRDA:190,35,0,0
BRDA:190,35,1,0
BRDA:212,36,0,0
BRDA:212,36,1,0
BRDA:208,37,0,0
BRDA:208,37,1,0
BRDA:215,38,0,0
BRDA:215,38,1,0
BRDA:221,39,0,0
BRDA:221,40,0,0
BRDA:221,40,1,0
BRDA:221,40,2,0
BRDA:229,41,0,0
BRDA:229,41,1,0
BRDA:229,41,2,0
BRDA:229,41,3,0
BRDA:229,41,4,0
BRDA:251,42,0,0
BRDA:251,42,1,0
BRDA:287,43,0,0
BRDA:282,44,0,0
BRDA:282,44,1,0
BRDA:280,45,0,0
BRDA:280,45,1,0
BRDA:288,46,0,0
BRF:82
BRH:0
end_of_record
TN:
SF:js/src/tab.js
FN:57,Tab
FN:69,show
FN:116,complete
FN:136,dispose
FN:143,_activate
FN:150,complete
FN:168,_transitionComplete
FN:215,_jQueryInterface
FN:216,(anonymous_306)
FN:63,get
FN:242,(anonymous_308)
FN:255,(anonymous_309)
FN:56,(anonymous_405)
FN:116,(anonymous_408)
FN:136,(anonymous_409)
FN:150,i
FN:216,(anonymous_414)
FN:229,(anonymous_415)
FN:255,(anonymous_417)
FNF:19
FNH:0
FNDA:0,Tab
FNDA:0,show
FNDA:0,complete
FNDA:0,dispose
FNDA:0,_activate
FNDA:0,complete
FNDA:0,_transitionComplete
FNDA:0,_jQueryInterface
FNDA:0,(anonymous_306)
FNDA:0,get
FNDA:0,(anonymous_308)
FNDA:0,(anonymous_309)
FNDA:0,(anonymous_405)
FNDA:0,(anonymous_408)
FNDA:0,(anonymous_409)
FNDA:0,i
FNDA:0,(anonymous_414)
FNDA:0,(anonymous_415)
FNDA:0,(anonymous_417)
DA:17,0
DA:18,0
DA:19,0
DA:20,0
DA:21,0
DA:22,0
DA:24,0
DA:32,0
DA:33,0
DA:34,0
DA:35,0
DA:36,0
DA:37,0
DA:40,0
DA:41,0
DA:42,0
DA:43,0
DA:44,0
DA:45,0
DA:46,0
DA:47,0
DA:56,0
DA:58,0
DA:64,0
DA:69,0
DA:70,0
DA:74,0
DA:79,0
DA:80,0
DA:82,0
DA:83,0
DA:84,0
DA:85,0
DA:88,0
DA:92,0
DA:96,0
DA:97,0
DA:100,0
DA:102,0
DA:104,0
DA:107,0
DA:108,0
DA:111,0
DA:116,0
DA:117,0
DA:121,0
DA:125,0
DA:126,0
DA:129,0
DA:130,0
DA:132,0
DA:137,0
DA:138,0
DA:143,0
DA:144,0
DA:148,0
DA:149,0
DA:150,0
DA:156,0
DA:157,0
DA:159,0
DA:164,0
DA:169,0
DA:170,0
DA:172,0
DA:176,0
DA:177,0
DA:180,0
DA:181,0
DA:185,0
DA:186,0
DA:187,0
DA:190,0
DA:192,0
DA:193,0
DA:196,0
DA:197,0
DA:199,0
DA:200,0
DA:202,0
DA:205,0
DA:208,0
DA:209,0
DA:215,0
DA:216,0
DA:217,0
DA:218,0
DA:220,0
DA:221,0
DA:222,0
DA:225,0
DA:226,0
DA:227,0
DA:229,0
DA:241,0
DA:243,0
DA:244,0
DA:253,0
DA:254,0
DA:255,0
DA:256,0
DA:257,0
LF:102
LH:0
BRDA:70,0,0,0
BRDA:70,1,0,0
BRDA:70,1,1,0
BRDA:70,1,2,0
BRDA:70,1,3,0
BRDA:82,2,0,0
BRDA:83,3,0,0
BRDA:83,3,1,0
BRDA:83,4,0,0
BRDA:83,4,1,0
BRDA:96,5,0,0
BRDA:102,6,0,0
BRDA:102,7,0,0
BRDA:102,7,1,0
BRDA:107,8,0,0
BRDA:129,9,0,0
BRDA:129,9,1,0
BRDA:144,10,0,0
BRDA:144,10,1,0
BRDA:144,11,0,0
BRDA:144,11,1,0
BRDA:144,11,2,0
BRDA:149,12,0,0
BRDA:149,12,1,0
BRDA:149,12,2,0
BRDA:156,13,0,0
BRDA:156,13,1,0
BRDA:156,14,0,0
BRDA:156,14,1,0
BRDA:169,15,0,0
BRDA:176,16,0,0
BRDA:180,17,0,0
BRDA:186,18,0,0
BRDA:192,19,0,0
BRDA:196,20,0,0
BRDA:196,21,0,0
BRDA:196,21,1,0
BRDA:199,22,0,0
BRDA:208,23,0,0
BRDA:220,24,0,0
BRDA:225,25,0,0
BRDA:226,26,0,0
BRDA:70,27,0,0
BRDA:70,28,0,0
BRDA:70,28,1,0
BRDA:70,28,2,0
BRDA:70,28,3,0
BRDA:82,29,0,0
BRDA:83,30,0,0
BRDA:83,30,1,0
BRDA:102,31,0,0
BRDA:96,32,0,0
BRDA:96,32,1,0
BRDA:100,33,0,0
BRDA:100,33,1,0
BRDA:107,34,0,0
BRDA:107,34,1,0
BRDA:129,35,0,0
BRDA:129,35,1,0
BRDA:148,36,0,0
BRDA:148,36,1,0
BRDA:148,37,0,0
BRDA:148,37,1,0
BRDA:148,37,2,0
BRDA:149,38,0,0
BRDA:149,38,1,0
BRDA:149,38,2,0
BRDA:156,39,0,0
BRDA:156,39,1,0
BRDA:156,40,0,0
BRDA:156,40,1,0
BRDA:169,41,0,0
BRDA:176,42,0,0
BRDA:176,42,1,0
BRDA:180,43,0,0
BRDA:180,43,1,0
BRDA:196,44,0,0
BRDA:186,45,0,0
BRDA:186,45,1,0
BRDA:192,46,0,0
BRDA:192,46,1,0
BRDA:196,47,0,0
BRDA:196,47,1,0
BRDA:199,48,0,0
BRDA:208,49,0,0
BRDA:208,49,1,0
BRDA:225,50,0,0
BRDA:220,51,0,0
BRDA:220,51,1,0
BRDA:226,52,0,0
BRF:90
BRH:0
end_of_record
TN:
SF:js/src/toast.js
FN:61,Toast
FN:84,show
FN:96,complete
FN:103,(anonymous_314)
FN:123,hide
FN:138,dispose
FN:155,_getConfig
FN:171,_setListeners
FN:175,(anonymous_319)
FN:179,_close
FN:180,complete
FN:199,_jQueryInterface
FN:200,(anonymous_323)
FN:70,get
FN:74,get
FN:78,get
FN:229,(anonymous_327)
FN:60,(anonymous_418)
FN:96,(anonymous_421)
FN:103,(anonymous_422)
FN:123,(anonymous_423)
FN:138,(anonymous_424)
FN:180,e
FN:200,(anonymous_431)
FN:215,(anonymous_432)
FN:18,(anonymous_433)
FN:75,(anonymous_434)
FN:229,(anonymous_435)
FNF:28
FNH:0
FNDA:0,Toast
FNDA:0,show
FNDA:0,complete
FNDA:0,(anonymous_314)
FNDA:0,hide
FNDA:0,dispose
FNDA:0,_getConfig
FNDA:0,_setListeners
FNDA:0,(anonymous_319)
FNDA:0,_close
FNDA:0,complete
FNDA:0,_jQueryInterface
FNDA:0,(anonymous_323)
FNDA:0,get
FNDA:0,get
FNDA:0,get
FNDA:0,(anonymous_327)
FNDA:0,(anonymous_418)
FNDA:0,(anonymous_421)
FNDA:0,(anonymous_422)
FNDA:0,(anonymous_423)
FNDA:0,(anonymous_424)
FNDA:0,e
FNDA:0,(anonymous_431)
FNDA:0,(anonymous_432)
FNDA:0,(anonymous_433)
FNDA:0,(anonymous_434)
FNDA:0,(anonymous_435)
DA:17,0
DA:18,0
DA:19,0
DA:20,0
DA:21,0
DA:23,0
DA:31,0
DA:32,0
DA:33,0
DA:34,0
DA:35,0
DA:38,0
DA:44,0
DA:50,0
DA:51,0
DA:60,0
DA:62,0
DA:63,0
DA:64,0
DA:65,0
DA:71,0
DA:75,0
DA:79,0
DA:84,0
DA:85,0
DA:87,0
DA:88,0
DA:89,0
DA:92,0
DA:93,0
DA:96,0
DA:97,0
DA:98,0
DA:100,0
DA:102,0
DA:103,0
DA:104,0
DA:109,0
DA:110,0
DA:111,0
DA:112,0
DA:113,0
DA:115,0
DA:119,0
DA:123,0
DA:124,0
DA:125,0
DA:128,0
DA:130,0
DA:131,0
DA:132,0
DA:135,0
DA:139,0
DA:140,0
DA:142,0
DA:143,0
DA:146,0
DA:148,0
DA:149,0
DA:150,0
DA:155,0
DA:156,0
DA:162,0
DA:168,0
DA:171,0
DA:172,0
DA:175,0
DA:179,0
DA:180,0
DA:181,0
DA:182,0
DA:185,0
DA:186,0
DA:187,0
DA:189,0
DA:193,0
DA:199,0
DA:200,0
DA:201,0
DA:202,0
DA:203,0
DA:205,0
DA:206,0
DA:207,0
DA:210,0
DA:211,0
DA:212,0
DA:215,0
DA:227,0
DA:228,0
DA:229,0
DA:230,0
DA:231,0
LF:93
LH:0
BRDA:88,0,0,0
BRDA:92,1,0,0
BRDA:102,2,0,0
BRDA:112,3,0,0
BRDA:112,3,1,0
BRDA:124,4,0,0
BRDA:131,5,0,0
BRDA:142,6,0,0
BRDA:159,7,0,0
BRDA:159,7,1,0
BRDA:159,8,0,0
BRDA:159,8,1,0
BRDA:186,9,0,0
BRDA:186,9,1,0
BRDA:203,10,0,0
BRDA:203,10,1,0
BRDA:205,11,0,0
BRDA:210,12,0,0
BRDA:211,13,0,0
BRDA:88,14,0,0
BRDA:92,15,0,0
BRDA:92,15,1,0
BRDA:102,16,0,0
BRDA:102,16,1,0
BRDA:112,17,0,0
BRDA:112,17,1,0
BRDA:124,18,0,0
BRDA:131,19,0,0
BRDA:131,19,1,0
BRDA:142,20,0,0
BRDA:142,20,1,0
BRDA:159,21,0,0
BRDA:159,21,1,0
BRDA:186,22,0,0
BRDA:186,22,1,0
BRDA:210,23,0,0
BRDA:205,24,0,0
BRDA:205,24,1,0
BRDA:203,25,0,0
BRDA:203,25,1,0
BRDA:211,26,0,0
BRF:41
BRH:0
end_of_record
TN:
SF:js/src/tooltip.js
FN:123,Tooltip
FN:175,enable
FN:179,disable
FN:183,toggleEnabled
FN:187,toggle
FN:221,dispose
FN:247,show
FN:306,complete
FN:332,hide
FN:335,complete
FN:383,update
FN:391,isWithContent
FN:395,addAttachmentClass
FN:399,getTipElement
FN:404,setContent
FN:410,setElementContent
FN:435,getTitle
FN:449,_getPopperConfig
FN:464,onCreate
FN:469,onUpdate
FN:478,_getOffset
FN:482,(anonymous_223)
FN:497,_getContainer
FN:509,_getAttachment
FN:513,_setListeners
FN:516,(anonymous_227)
FN:521,(anonymous_228)
FN:535,(anonymous_229)
FN:540,(anonymous_230)
FN:545,(anonymous_231)
FN:567,_fixTitle
FN:580,_enter
FN:612,(anonymous_234)
FN:619,_leave
FN:650,(anonymous_236)
FN:657,_isWithActiveTrigger
FN:667,_getConfig
FN:671,(anonymous_239)
FN:711,_getDelegateConfig
FN:725,_cleanTipClass
FN:733,_handlePopperPlacementChange
FN:740,_fixTransition
FN:757,_jQueryInterface
FN:758,(anonymous_245)
FN:145,get
FN:149,get
FN:153,get
FN:157,get
FN:161,get
FN:165,get
FN:169,get
FN:789,(anonymous_253)
FN:122,(anonymous_308)
FN:175,(anonymous_310)
FN:179,(anonymous_311)
FN:183,(anonymous_312)
FN:221,(anonymous_314)
FN:306,(anonymous_316)
FN:335,t
FN:383,(anonymous_319)
FN:391,(anonymous_320)
FN:399,(anonymous_322)
FN:404,(anonymous_323)
FN:435,(anonymous_325)
FN:497,(anonymous_331)
FN:545,(anonymous_338)
FN:567,(anonymous_339)
FN:612,(anonymous_341)
FN:650,(anonymous_343)
FN:657,(anonymous_344)
FN:711,(anonymous_347)
FN:725,(anonymous_348)
FN:740,(anonymous_350)
FN:758,(anonymous_352)
FN:775,(anonymous_353)
FN:23,(anonymous_354)
FN:150,(anonymous_355)
FN:154,(anonymous_356)
FN:158,(anonymous_357)
FN:162,(anonymous_358)
FN:166,(anonymous_359)
FN:789,(anonymous_360)
FNF:82
FNH:0
FNDA:0,Tooltip
FNDA:0,enable
FNDA:0,disable
FNDA:0,toggleEnabled
FNDA:0,toggle
FNDA:0,dispose
FNDA:0,show
FNDA:0,complete
FNDA:0,hide
FNDA:0,complete
FNDA:0,update
FNDA:0,isWithContent
FNDA:0,addAttachmentClass
FNDA:0,getTipElement
FNDA:0,setContent
FNDA:0,setElementContent
FNDA:0,getTitle
FNDA:0,_getPopperConfig
FNDA:0,onCreate
FNDA:0,onUpdate
FNDA:0,_getOffset
FNDA:0,(anonymous_223)
FNDA:0,_getContainer
FNDA:0,_getAttachment
FNDA:0,_setListeners
FNDA:0,(anonymous_227)
FNDA:0,(anonymous_228)
FNDA:0,(anonymous_229)
FNDA:0,(anonymous_230)
FNDA:0,(anonymous_231)
FNDA:0,_fixTitle
FNDA:0,_enter
FNDA:0,(anonymous_234)
FNDA:0,_leave
FNDA:0,(anonymous_236)
FNDA:0,_isWithActiveTrigger
FNDA:0,_getConfig
FNDA:0,(anonymous_239)
FNDA:0,_getDelegateConfig
FNDA:0,_cleanTipClass
FNDA:0,_handlePopperPlacementChange
FNDA:0,_fixTransition
FNDA:0,_jQueryInterface
FNDA:0,(anonymous_245)
FNDA:0,get
FNDA:0,get
FNDA:0,get
FNDA:0,get
FNDA:0,get
FNDA:0,get
FNDA:0,get
FNDA:0,(anonymous_253)
FNDA:0,(anonymous_308)
FNDA:0,(anonymous_310)
FNDA:0,(anonymous_311)
FNDA:0,(anonymous_312)
FNDA:0,(anonymous_314)
FNDA:0,(anonymous_316)
FNDA:0,t
FNDA:0,(anonymous_319)
FNDA:0,(anonymous_320)
FNDA:0,(anonymous_322)
FNDA:0,(anonymous_323)
FNDA:0,(anonymous_325)
FNDA:0,(anonymous_331)
FNDA:0,(anonymous_338)
FNDA:0,(anonymous_339)
FNDA:0,(anonymous_341)
FNDA:0,(anonymous_343)
FNDA:0,(anonymous_344)
FNDA:0,(anonymous_347)
FNDA:0,(anonymous_348)
FNDA:0,(anonymous_350)
FNDA:0,(anonymous_352)
FNDA:0,(anonymous_353)
FNDA:0,(anonymous_354)
FNDA:0,(anonymous_355)
FNDA:0,(anonymous_356)
FNDA:0,(anonymous_357)
FNDA:0,(anonymous_358)
FNDA:0,(anonymous_359)
FNDA:0,(anonymous_360)
DA:22,0
DA:23,0
DA:24,0
DA:25,0
DA:26,0
DA:27,0
DA:28,0
DA:29,0
DA:31,0
DA:50,0
DA:58,0
DA:79,0
DA:80,0
DA:81,0
DA:84,0
DA:97,0
DA:98,0
DA:99,0
DA:102,0
DA:104,0
DA:105,0
DA:108,0
DA:109,0
DA:110,0
DA:111,0
DA:112,0
DA:122,0
DA:124,0
DA:125,0
DA:129,0
DA:130,0
DA:131,0
DA:132,0
DA:133,0
DA:136,0
DA:137,0
DA:138,0
DA:140,0
DA:146,0
DA:150,0
DA:154,0
DA:158,0
DA:162,0
DA:166,0
DA:170,0
DA:175,0
DA:176,0
DA:179,0
DA:180,0
DA:183,0
DA:184,0
DA:187,0
DA:188,0
DA:189,0
DA:192,0
DA:193,0
DA:194,0
DA:196,0
DA:197,0
DA:201,0
DA:204,0
DA:206,0
DA:207,0
DA:209,0
DA:212,0
DA:213,0
DA:214,0
DA:217,0
DA:221,0
DA:222,0
DA:224,0
DA:226,0
DA:227,0
DA:229,0
DA:230,0
DA:233,0
DA:234,0
DA:235,0
DA:236,0
DA:237,0
DA:238,0
DA:241,0
DA:242,0
DA:243,0
DA:244,0
DA:247,0
DA:248,0
DA:249,0
DA:252,0
DA:253,0
DA:254,0
DA:256,0
DA:257,0
DA:262,0
DA:263,0
DA:266,0
DA:267,0
DA:269,0
DA:270,0
DA:272,0
DA:274,0
DA:275,0
DA:278,0
DA:282,0
DA:283,0
DA:285,0
DA:286,0
DA:288,0
DA:289,0
DA:292,0
DA:294,0
DA:296,0
DA:302,0
DA:303,0
DA:306,0
DA:307,0
DA:308,0
DA:310,0
DA:311,0
DA:313,0
DA:315,0
DA:316,0
DA:320,0
DA:321,0
DA:323,0
DA:327,0
DA:332,0
DA:333,0
DA:334,0
DA:335,0
DA:336,0
DA:337,0
DA:340,0
DA:341,0
DA:342,0
DA:343,0
DA:344,0
DA:347,0
DA:348,0
DA:352,0
DA:354,0
DA:355,0
DA:358,0
DA:362,0
DA:363,0
DA:366,0
DA:367,0
DA:368,0
DA:370,0
DA:371,0
DA:373,0
DA:377,0
DA:380,0
DA:384,0
DA:385,0
DA:391,0
DA:392,0
DA:395,0
DA:396,0
DA:399,0
DA:400,0
DA:401,0
DA:404,0
DA:405,0
DA:406,0
DA:407,0
DA:410,0
DA:411,0
DA:413,0
DA:414,0
DA:415,0
DA:418,0
DA:421,0
DA:424,0
DA:425,0
DA:426,0
DA:429,0
DA:431,0
DA:436,0
DA:438,0
DA:439,0
DA:444,0
DA:449,0
DA:450,0
DA:465,0
DA:466,0
DA:469,0
DA:472,0
DA:478,0
DA:479,0
DA:481,0
DA:482,0
DA:483,0
DA:488,0
DA:491,0
DA:494,0
DA:497,0
DA:498,0
DA:499,0
DA:502,0
DA:503,0
DA:506,0
DA:509,0
DA:510,0
DA:513,0
DA:514,0
DA:516,0
DA:517,0
DA:518,0
DA:521,0
DA:523,0
DA:524,0
DA:527,0
DA:531,0
DA:535,0
DA:540,0
DA:545,0
DA:546,0
DA:547,0
DA:551,0
DA:556,0
DA:557,0
DA:563,0
DA:567,0
DA:568,0
DA:570,0
DA:571,0
DA:576,0
DA:580,0
DA:581,0
DA:582,0
DA:584,0
DA:585,0
DA:589,0
DA:592,0
DA:593,0
DA:598,0
DA:599,0
DA:600,0
DA:603,0
DA:605,0
DA:607,0
DA:608,0
DA:609,0
DA:612,0
DA:613,0
DA:614,0
DA:619,0
DA:620,0
DA:621,0
DA:623,0
DA:624,0
DA:628,0
DA:631,0
DA:632,0
DA:637,0
DA:638,0
DA:641,0
DA:643,0
DA:645,0
DA:646,0
DA:647,0
DA:650,0
DA:651,0
DA:652,0
DA:657,0
DA:658,0
DA:659,0
DA:660,0
DA:664,0
DA:667,0
DA:668,0
DA:670,0
DA:671,0
DA:672,0
DA:673,0
DA:677,0
DA:683,0
DA:684,0
DA:690,0
DA:691,0
DA:694,0
DA:695,0
DA:698,0
DA:704,0
DA:705,0
DA:708,0
DA:711,0
DA:712,0
DA:714,0
DA:715,0
DA:716,0
DA:717,0
DA:722,0
DA:725,0
DA:726,0
DA:727,0
DA:728,0
DA:729,0
DA:733,0
DA:734,0
DA:735,0
DA:736,0
DA:737,0
DA:741,0
DA:742,0
DA:744,0
DA:745,0
DA:748,0
DA:749,0
DA:750,0
DA:751,0
DA:752,0
DA:757,0
DA:758,0
DA:759,0
DA:760,0
DA:762,0
DA:763,0
DA:766,0
DA:767,0
DA:768,0
DA:771,0
DA:772,0
DA:773,0
DA:775,0
DA:787,0
DA:788,0
DA:789,0
DA:790,0
DA:791,0
LF:331
LH:0
BRDA:124,0,0,0
BRDA:188,1,0,0
BRDA:192,2,0,0
BRDA:192,2,1,0
BRDA:196,3,0,0
BRDA:206,4,0,0
BRDA:206,4,1,0
BRDA:212,5,0,0
BRDA:229,6,0,0
BRDA:237,7,0,0
BRDA:248,8,0,0
BRDA:253,9,0,0
BRDA:253,10,0,0
BRDA:253,10,1,0
BRDA:258,11,0,0
BRDA:258,11,1,0
BRDA:262,12,0,0
BRDA:262,13,0,0
BRDA:262,13,1,0
BRDA:274,14,0,0
BRDA:278,15,0,0
BRDA:278,15,1,0
BRDA:288,16,0,0
BRDA:302,17,0,0
BRDA:307,18,0,0
BRDA:315,19,0,0
BRDA:320,20,0,0
BRDA:320,20,1,0
BRDA:336,21,0,0
BRDA:336,22,0,0
BRDA:336,22,1,0
BRDA:343,23,0,0
BRDA:347,24,0,0
BRDA:354,25,0,0
BRDA:362,26,0,0
BRDA:370,27,0,0
BRDA:370,27,1,0
BRDA:384,28,0,0
BRDA:400,29,0,0
BRDA:400,29,1,0
BRDA:411,30,0,0
BRDA:411,31,0,0
BRDA:411,31,1,0
BRDA:411,31,2,0
BRDA:413,32,0,0
BRDA:413,32,1,0
BRDA:414,33,0,0
BRDA:424,34,0,0
BRDA:424,34,1,0
BRDA:425,35,0,0
BRDA:438,36,0,0
BRDA:439,37,0,0
BRDA:439,37,1,0
BRDA:465,38,0,0
BRDA:481,39,0,0
BRDA:481,39,1,0
BRDA:485,40,0,0
BRDA:485,40,1,0
BRDA:498,41,0,0
BRDA:502,42,0,0
BRDA:517,43,0,0
BRDA:517,43,1,0
BRDA:523,44,0,0
BRDA:524,45,0,0
BRDA:524,45,1,0
BRDA:527,46,0,0
BRDA:527,46,1,0
BRDA:546,47,0,0
BRDA:556,48,0,0
BRDA:556,48,1,0
BRDA:570,49,0,0
BRDA:570,50,0,0
BRDA:570,50,1,0
BRDA:573,51,0,0
BRDA:573,51,1,0
BRDA:582,52,0,0
BRDA:582,52,1,0
BRDA:584,53,0,0
BRDA:592,54,0,0
BRDA:594,55,0,0
BRDA:594,55,1,0
BRDA:598,56,0,0
BRDA:598,57,0,0
BRDA:598,57,1,0
BRDA:607,58,0,0
BRDA:607,59,0,0
BRDA:607,59,1,0
BRDA:613,60,0,0
BRDA:621,61,0,0
BRDA:621,61,1,0
BRDA:623,62,0,0
BRDA:631,63,0,0
BRDA:633,64,0,0
BRDA:633,64,1,0
BRDA:637,65,0,0
BRDA:645,66,0,0
BRDA:645,67,0,0
BRDA:645,67,1,0
BRDA:651,68,0,0
BRDA:659,69,0,0
BRDA:672,70,0,0
BRDA:680,71,0,0
BRDA:680,71,1,0
BRDA:680,72,0,0
BRDA:680,72,1,0
BRDA:683,73,0,0
BRDA:690,74,0,0
BRDA:694,75,0,0
BRDA:704,76,0,0
BRDA:714,77,0,0
BRDA:716,78,0,0
BRDA:728,79,0,0
BRDA:728,80,0,0
BRDA:728,80,1,0
BRDA:744,81,0,0
BRDA:760,82,0,0
BRDA:760,82,1,0
BRDA:762,83,0,0
BRDA:762,84,0,0
BRDA:762,84,1,0
BRDA:766,85,0,0
BRDA:771,86,0,0
BRDA:772,87,0,0
BRDA:124,88,0,0
BRDA:188,89,0,0
BRDA:192,90,0,0
BRDA:192,90,1,0
BRDA:196,91,0,0
BRDA:196,91,1,0
BRDA:206,92,0,0
BRDA:206,92,1,0
BRDA:212,93,0,0
BRDA:229,94,0,0
BRDA:229,94,1,0
BRDA:237,95,0,0
BRDA:237,95,1,0
BRDA:248,96,0,0
BRDA:253,97,0,0
BRDA:253,98,0,0
BRDA:253,98,1,0
BRDA:262,99,0,0
BRDA:262,100,0,0
BRDA:262,100,1,0
BRDA:274,101,0,0
BRDA:274,101,1,0
BRDA:278,102,0,0
BRDA:278,102,1,0
BRDA:288,103,0,0
BRDA:288,103,1,0
BRDA:302,104,0,0
BRDA:302,104,1,0
BRDA:307,105,0,0
BRDA:307,105,1,0
BRDA:315,106,0,0
BRDA:315,106,1,0
BRDA:320,107,0,0
BRDA:320,107,1,0
BRDA:336,108,0,0
BRDA:336,108,1,0
BRDA:336,108,2,0
BRDA:343,109,0,0
BRDA:343,109,1,0
BRDA:347,110,0,0
BRDA:347,110,1,0
BRDA:354,111,0,0
BRDA:370,112,0,0
BRDA:370,112,1,0
BRDA:362,113,0,0
BRDA:362,113,1,0
BRDA:384,114,0,0
BRDA:384,114,1,0
BRDA:400,115,0,0
BRDA:400,115,1,0
BRDA:411,116,0,0
BRDA:411,116,1,0
BRDA:411,117,0,0
BRDA:411,117,1,0
BRDA:411,117,2,0
BRDA:424,118,0,0
BRDA:424,118,1,0
BRDA:425,119,0,0
BRDA:425,119,1,0
BRDA:413,120,0,0
BRDA:413,120,1,0
BRDA:414,121,0,0
BRDA:414,121,1,0
BRDA:438,122,0,0
BRDA:438,122,1,0
BRDA:439,123,0,0
BRDA:439,123,1,0
BRDA:465,124,0,0
BRDA:465,124,1,0
BRDA:481,125,0,0
BRDA:481,125,1,0
BRDA:485,126,0,0
BRDA:485,126,1,0
BRDA:498,127,0,0
BRDA:498,127,1,0
BRDA:502,128,0,0
BRDA:502,128,1,0
BRDA:517,129,0,0
BRDA:517,129,1,0
BRDA:523,130,0,0
BRDA:546,131,0,0
BRDA:546,131,1,0
BRDA:556,132,0,0
BRDA:556,132,1,0
BRDA:568,133,0,0
BRDA:568,133,1,0
BRDA:568,133,2,0
BRDA:573,134,0,0
BRDA:573,134,1,0
BRDA:581,135,0,0
BRDA:581,135,1,0
BRDA:582,136,0,0
BRDA:582,136,1,0
BRDA:592,137,0,0
BRDA:592,137,1,0
BRDA:598,138,0,0
BRDA:598,138,1,0
BRDA:598,139,0,0
BRDA:598,139,1,0
BRDA:607,140,0,0
BRDA:607,140,1,0
BRDA:607,141,0,0
BRDA:607,141,1,0
BRDA:613,142,0,0
BRDA:613,142,1,0
BRDA:620,143,0,0
BRDA:620,143,1,0
BRDA:621,144,0,0
BRDA:621,144,1,0
BRDA:631,145,0,0
BRDA:631,145,1,0
BRDA:637,146,0,0
BRDA:637,146,1,0
BRDA:645,147,0,0
BRDA:645,147,1,0
BRDA:645,148,0,0
BRDA:645,148,1,0
BRDA:651,149,0,0
BRDA:651,149,1,0
BRDA:659,150,0,0
BRDA:671,151,0,0
BRDA:671,151,1,0
BRDA:683,152,0,0
BRDA:683,152,1,0
BRDA:680,153,0,0
BRDA:680,153,1,0
BRDA:690,154,0,0
BRDA:690,154,1,0
BRDA:694,155,0,0
BRDA:694,155,1,0
BRDA:704,156,0,0
BRDA:704,156,1,0
BRDA:714,157,0,0
BRDA:716,158,0,0
BRDA:716,158,1,0
BRDA:728,159,0,0
BRDA:728,159,1,0
BRDA:728,159,2,0
BRDA:744,160,0,0
BRDA:744,160,1,0
BRDA:760,161,0,0
BRDA:760,161,1,0
BRDA:762,162,0,0
BRDA:762,163,0,0
BRDA:762,163,1,0
BRDA:762,163,2,0
BRDA:766,164,0,0
BRDA:766,164,1,0
BRDA:772,165,0,0
BRF:272
BRH:0
end_of_record
TN:
SF:js/src/util.js
FN:21,toType
FN:25,getSpecialTransitionEndEvent
FN:26,handle
FN:38,transitionEndEmulator
FN:41,(anonymous_15)
FN:45,(anonymous_16)
FN:54,setTransitionEndSupport
FN:65,getUID
FN:16,(anonymous_0)
FN:41,(anonymous_10)
FN:45,(anonymous_11)
FNF:11
FNH:0
FNDA:0,toType
FNDA:0,getSpecialTransitionEndEvent
FNDA:0,handle
FNDA:0,transitionEndEmulator
FNDA:0,(anonymous_15)
FNDA:0,(anonymous_16)
FNDA:0,setTransitionEndSupport
FNDA:0,getUID
FNDA:0,(anonymous_0)
FNDA:0,(anonymous_10)
FNDA:0,(anonymous_11)
DA:16,0
DA:17,0
DA:18,0
DA:22,0
DA:26,0
DA:30,0
DA:31,0
DA:33,0
DA:38,0
DA:39,0
DA:41,0
DA:42,0
DA:45,0
DA:46,0
DA:47,0
DA:51,0
DA:55,0
DA:56,0
DA:65,0
DA:70,0
DA:72,0
DA:74,0
DA:78,0
DA:80,0
DA:81,0
DA:82,0
DA:85,0
DA:86,0
DA:88,0
DA:93,0
DA:94,0
DA:98,0
DA:99,0
DA:101,0
DA:102,0
DA:105,0
DA:106,0
DA:110,0
DA:111,0
DA:113,0
DA:117,0
DA:121,0
DA:126,0
DA:130,0
DA:134,0
DA:135,0
DA:136,0
DA:137,0
DA:138,0
DA:141,0
DA:142,0
DA:152,0
DA:153,0
DA:157,0
DA:158,0
DA:159,0
DA:162,0
DA:163,0
DA:167,0
DA:168,0
DA:171,0
DA:175,0
DA:176,0
DA:179,0
DA:180,0
DA:181,0
DA:182,0
DA:183,0
DA:184,0
DA:186,0
DA:187,0
DA:192,0
DA:193,0
LF:73
LH:0
BRDA:30,0,0,0
BRDA:46,1,0,0
BRDA:80,2,0,0
BRDA:80,3,0,0
BRDA:80,3,1,0
BRDA:82,4,0,0
BRDA:82,4,1,0
BRDA:82,5,0,0
BRDA:82,5,1,0
BRDA:86,6,0,0
BRDA:86,6,1,0
BRDA:93,7,0,0
BRDA:105,8,0,0
BRDA:105,9,0,0
BRDA:105,9,1,0
BRDA:130,10,0,0
BRDA:130,10,1,0
BRDA:135,11,0,0
BRDA:138,12,0,0
BRDA:138,12,1,0
BRDA:138,13,0,0
BRDA:138,13,1,0
BRDA:141,14,0,0
BRDA:152,15,0,0
BRDA:157,16,0,0
BRDA:159,17,0,0
BRDA:159,17,1,0
BRDA:162,18,0,0
BRDA:167,19,0,0
BRDA:175,20,0,0
BRDA:186,21,0,0
BRDA:186,22,0,0
BRDA:186,22,1,0
BRDA:186,22,2,0
BRDA:186,22,3,0
BRDA:186,22,4,0
BRDA:186,22,5,0
BRDA:16,23,0,0
BRDA:16,23,1,0
BRDA:16,24,0,0
BRDA:46,25,0,0
BRDA:46,25,1,0
BRDA:80,26,0,0
BRDA:80,27,0,0
BRDA:80,27,1,0
BRDA:82,28,0,0
BRDA:82,28,1,0
BRDA:82,29,0,0
BRDA:82,29,1,0
BRDA:93,30,0,0
BRDA:105,31,0,0
BRDA:105,31,1,0
BRDA:105,32,0,0
BRDA:105,32,1,0
BRDA:130,33,0,0
BRDA:130,33,1,0
BRDA:135,34,0,0
BRDA:138,35,0,0
BRDA:138,35,1,0
BRDA:138,36,0,0
BRDA:138,36,1,0
BRDA:141,37,0,0
BRDA:152,38,0,0
BRDA:157,39,0,0
BRDA:162,40,0,0
BRDA:162,40,1,0
BRDA:167,41,0,0
BRDA:167,41,1,0
BRDA:175,42,0,0
BRDA:186,43,0,0
BRDA:186,44,0,0
BRDA:186,44,1,0
BRDA:186,44,2,0
BRDA:186,44,3,0
BRDA:186,44,4,0
BRDA:186,44,5,0
BRDA:30,45,0,0
BRF:77
BRH:0
end_of_record
TN:
SF:js/src/tools/sanitizer.js
FN:69,allowedAttribute
FN:80,(anonymous_197)
FN:92,sanitizeHtml
FN:92,_loop
FN:119,(anonymous_200)
FN:69,(anonymous_306)
FNF:6
FNH:0
FNDA:0,allowedAttribute
FNDA:0,(anonymous_197)
FNDA:0,sanitizeHtml
FNDA:0,_loop
FNDA:0,(anonymous_200)
FNDA:0,(anonymous_306)
DA:8,0
DA:19,0
DA:21,0
DA:60,0
DA:67,0
DA:70,0
DA:72,0
DA:73,0
DA:74,0
DA:77,0
DA:80,0
DA:83,0
DA:84,0
DA:85,0
DA:89,0
DA:92,0
DA:93,0
DA:94,0
DA:97,0
DA:98,0
DA:101,0
DA:102,0
DA:103,0
DA:104,0
DA:106,0
DA:107,0
DA:108,0
DA:110,0
DA:111,0
DA:113,0
DA:116,0
DA:117,0
DA:119,0
DA:120,0
DA:121,0
DA:126,0
LF:36
LH:0
BRDA:72,0,0,0
BRDA:73,1,0,0
BRDA:74,2,0,0
BRDA:74,2,1,0
BRDA:84,3,0,0
BRDA:93,4,0,0
BRDA:97,5,0,0
BRDA:97,6,0,0
BRDA:97,6,1,0
BRDA:110,7,0,0
BRDA:117,8,0,0
BRDA:117,8,1,0
BRDA:117,9,0,0
BRDA:117,9,1,0
BRDA:120,10,0,0
BRDA:106,11,0,0
BRDA:93,12,0,0
BRDA:97,13,0,0
BRDA:97,14,0,0
BRDA:97,14,1,0
BRDA:110,15,0,0
BRDA:117,16,0,0
BRDA:117,16,1,0
BRDA:117,17,0,0
BRDA:117,17,1,0
BRDA:119,18,0,0
BRDA:119,18,1,0
BRDA:72,19,0,0
BRDA:73,20,0,0
BRDA:73,20,1,0
BRDA:74,21,0,0
BRDA:74,21,1,0
BRDA:84,22,0,0
BRF:33
BRH:0
end_of_record
TN:
SF:node_modules/popper.js/dist/esm/popper.js
FN:27,(anonymous_115)
FN:37,(anonymous_116)
FN:39,(anonymous_117)
FN:44,(anonymous_118)
FN:51,(anonymous_119)
FN:53,(anonymous_120)
FN:56,(anonymous_121)
FN:84,Ne
FN:96,ke
FN:113,Le
FN:127,Pe
FN:162,xe
FN:176,Re
FN:193,Fe
FN:238,Me
FN:254,We
FN:222,(anonymous_131)
FN:298,Ue
FN:345,Be
FN:352,qe
FN:356,Ke
FN:384,(anonymous_136)
FN:374,Ve
FN:395,Ye
FN:410,(anonymous_139)
FN:431,Xe
FN:445,Ge
FN:494,$e
FN:322,(anonymous_143)
FN:598,Je
FN:621,Ze
FN:546,(anonymous_146)
FN:575,e
FN:691,et
FN:719,(anonymous_149)
FN:675,(anonymous_150)
FN:725,(anonymous_151)
FN:729,(anonymous_152)
FN:752,tt
FN:766,nt
FN:785,it
FN:787,(anonymous_156)
FN:802,ot
FN:840,rt
FN:884,st
FN:859,(anonymous_160)
FN:862,(anonymous_161)
FN:868,(anonymous_162)
FN:887,(anonymous_163)
FN:966,at
FN:967,(anonymous_165)
FN:981,lt
FN:1030,ct
FN:1052,ht
FN:1035,e
FN:1108,ut
FN:1084,(anonymous_171)
FN:1089,(anonymous_172)
FN:1122,ft
FN:1134,dt
FN:1135,(anonymous_175)
FN:1239,pt
FN:1246,n
FN:1379,gt
FN:1380,(anonymous_179)
FN:1385,(anonymous_180)
FN:1541,yt
FN:1745,Tt
FN:1755,(anonymous_183)
FN:1761,(anonymous_184)
FN:1775,(anonymous_185)
FN:1782,(anonymous_186)
FN:1796,(anonymous_187)
FN:1693,(anonymous_188)
FN:1802,(anonymous_189)
FN:1803,(anonymous_190)
FN:2430,(anonymous_191)
FN:2440,(anonymous_192)
FN:1933,(anonymous_193)
FN:1821,(anonymous_194)
FN:1862,(anonymous_195)
FN:1899,(anonymous_196)
FN:1906,(anonymous_197)
FN:1916,(anonymous_198)
FN:1659,(anonymous_199)
FN:1404,(anonymous_200)
FN:1562,(anonymous_201)
FN:1595,(anonymous_202)
FN:1486,(anonymous_203)
FN:2004,(anonymous_204)
FN:1966,(anonymous_205)
FN:1972,(anonymous_206)
FN:1278,(anonymous_207)
FN:1285,(anonymous_208)
FN:1173,(anonymous_209)
FN:1153,(anonymous_210)
FN:1154,(anonymous_211)
FN:1202,(anonymous_212)
FN:2543,(anonymous_213)
FN:914,(anonymous_214)
FN:2548,(anonymous_215)
FN:1000,(anonymous_216)
FN:2553,(anonymous_217)
FN:1072,(anonymous_218)
FN:2558,(anonymous_219)
FN:2471,Dt
FN:367,(anonymous_221)
FN:2477,(anonymous_222)
FN:2500,(anonymous_223)
FN:2505,(anonymous_224)
FN:2511,(anonymous_225)
FN:2519,(anonymous_226)
FN:27,(anonymous_120)
FN:37,microtaskDebounce
FN:39,(anonymous_122)
FN:44,(anonymous_123)
FN:51,taskDebounce
FN:53,(anonymous_125)
FN:56,(anonymous_126)
FN:84,isFunction
FN:96,getStyleComputedProperty
FN:113,getParentNode
FN:127,getScrollParent
FN:162,getReferenceNode
FN:176,isIE
FN:193,getOffsetParent
FN:222,isOffsetContainer
FN:238,getRoot
FN:254,findCommonOffsetParent
FN:298,getScroll
FN:322,includeScroll
FN:345,getBordersSize
FN:352,getSize
FN:356,getWindowSizes
FN:373,(anonymous_143)
FN:374,defineProperties
FN:395,(anonymous_146)
FN:431,getClientRect
FN:445,getBoundingClientRect
FN:494,getOffsetRectRelativeToArbitraryNode
FN:546,getViewportOffsetRectRelativeToArtbitraryNode
FN:575,isFixed
FN:598,getFixedPositionOffsetParent
FN:621,getBoundaries
FN:675,getArea
FN:691,computeAutoPlacement
FN:752,getReferenceOffsets
FN:766,getOuterSizes
FN:785,getOppositePlacement
FN:802,getPopperOffsets
FN:840,find
FN:859,findIndex
FN:884,runModifiers
FN:914,update
FN:966,isModifierEnabled
FN:981,getSupportedPropertyName
FN:1000,destroy
FN:1030,getWindow
FN:1035,attachToScrollParents
FN:1052,setupEventListeners
FN:1072,enableEventListeners
FN:1084,removeEventListeners
FN:1108,disableEventListeners
FN:1122,isNumeric
FN:1134,setStyles
FN:1153,setAttributes
FN:1173,applyStyle
FN:1202,applyStyleOnLoad
FN:1239,getRoundedOffsets
[...]
BRDA:1706,167,2,0
BRDA:1706,167,3,0
BRDA:1804,168,0,0
BRDA:1804,168,1,0
BRDA:1805,169,0,0
BRDA:1805,169,1,0
BRDA:1939,170,0,0
BRDA:1945,171,0,0
BRDA:1945,171,1,0
BRDA:1946,172,0,0
BRDA:1946,172,1,0
BRDA:1831,173,0,0
BRDA:1831,173,1,0
BRDA:1837,174,0,0
BRDA:1837,174,1,0
BRDA:1840,175,0,0
BRDA:1840,175,1,0
BRDA:1843,176,0,0
BRDA:1843,176,1,0
BRDA:1846,177,0,0
BRDA:1846,177,1,0
BRDA:1863,178,0,0
BRDA:1863,178,1,0
BRDA:1868,179,0,0
BRDA:1868,179,1,0
BRDA:1901,180,0,0
BRDA:1901,180,1,0
BRDA:1901,180,2,0
BRDA:1907,181,0,0
BRDA:1907,181,1,0
BRDA:1909,182,0,0
BRDA:1909,182,1,0
BRDA:1909,182,2,0
BRDA:1910,183,0,0
BRDA:1910,183,1,0
BRDA:1917,184,0,0
BRDA:1917,184,1,0
BRDA:1667,185,0,0
BRDA:1667,185,1,0
BRDA:1668,186,0,0
BRDA:1668,186,1,0
BRDA:1669,187,0,0
BRDA:1669,187,1,0
BRDA:1671,188,0,0
BRDA:1671,188,1,0
BRDA:1674,189,0,0
BRDA:1674,189,1,0
BRDA:1408,190,0,0
BRDA:1415,191,0,0
BRDA:1415,191,1,0
BRDA:1419,192,0,0
BRDA:1425,193,0,0
BRDA:1438,194,0,0
BRDA:1438,194,1,0
BRDA:1439,195,0,0
BRDA:1439,195,1,0
BRDA:1441,196,0,0
BRDA:1441,196,1,0
BRDA:1442,197,0,0
BRDA:1442,197,1,0
BRDA:1451,198,0,0
BRDA:1451,198,1,0
BRDA:1455,199,0,0
BRDA:1455,199,1,0
BRDA:1564,200,0,0
BRDA:1568,201,0,0
BRDA:1568,202,0,0
BRDA:1568,202,1,0
BRDA:1577,203,0,0
BRDA:1577,203,1,0
BRDA:1581,204,0,0
BRDA:1581,204,1,0
BRDA:1581,204,2,0
BRDA:1581,204,3,0
BRDA:1596,205,0,0
BRDA:1596,206,0,0
BRDA:1596,206,1,0
BRDA:1608,207,0,0
BRDA:1608,207,1,0
BRDA:1608,207,2,0
BRDA:1608,207,3,0
BRDA:1608,207,4,0
BRDA:1608,207,5,0
BRDA:1608,207,6,0
BRDA:1608,207,7,0
BRDA:1615,208,0,0
BRDA:1615,208,1,0
BRDA:1615,208,2,0
BRDA:1615,208,3,0
BRDA:1615,208,4,0
BRDA:1615,208,5,0
BRDA:1615,208,6,0
BRDA:1615,208,7,0
BRDA:1621,209,0,0
BRDA:1621,209,1,0
BRDA:1621,209,2,0
BRDA:1621,209,3,0
BRDA:1621,209,4,0
BRDA:1621,209,5,0
BRDA:1621,209,6,0
BRDA:1621,209,7,0
BRDA:1621,209,8,0
BRDA:1621,209,9,0
BRDA:1621,209,10,0
BRDA:1621,209,11,0
BRDA:1621,209,12,0
BRDA:1624,210,0,0
BRDA:1624,210,1,0
BRDA:1624,210,2,0
BRDA:1624,210,3,0
BRDA:1624,210,4,0
BRDA:1624,210,5,0
BRDA:1624,210,6,0
BRDA:1624,210,7,0
BRDA:1624,210,8,0
BRDA:1624,210,9,0
BRDA:1624,210,10,0
BRDA:1624,210,11,0
BRDA:1624,210,12,0
BRDA:1626,211,0,0
BRDA:1626,211,1,0
BRDA:1626,212,0,0
BRDA:1626,212,1,0
BRDA:1626,212,2,0
BRDA:1626,212,3,0
BRDA:1630,213,0,0
BRDA:1630,213,1,0
BRDA:1630,213,2,0
BRDA:1636,214,0,0
BRDA:1636,214,1,0
BRDA:1487,215,0,0
BRDA:1487,215,1,0
BRDA:1489,216,0,0
BRDA:1489,216,1,0
BRDA:1640,217,0,0
BRDA:1640,217,1,0
BRDA:2015,218,0,0
BRDA:2015,218,1,0
BRDA:2015,219,0,0
BRDA:2015,219,1,0
BRDA:2015,220,0,0
BRDA:2015,220,1,0
BRDA:1967,221,0,0
BRDA:1976,222,0,0
BRDA:1976,222,1,0
BRDA:1976,223,0,0
BRDA:1976,223,1,0
BRDA:1976,223,2,0
BRDA:1976,223,3,0
BRDA:1978,224,0,0
BRDA:1986,225,0,0
BRDA:1287,226,0,0
BRDA:1287,226,1,0
BRDA:1291,227,0,0
BRDA:1291,227,1,0
BRDA:1301,228,0,0
BRDA:1301,228,1,0
BRDA:1303,229,0,0
BRDA:1303,229,1,0
BRDA:1304,230,0,0
BRDA:1304,230,1,0
BRDA:1342,231,0,0
BRDA:1342,231,1,0
BRDA:1322,232,0,0
BRDA:1322,232,1,0
BRDA:1325,233,0,0
BRDA:1325,233,1,0
BRDA:1333,234,0,0
BRDA:1333,234,1,0
BRDA:1334,235,0,0
BRDA:1334,235,1,0
BRDA:1342,236,0,0
BRDA:1342,236,1,0
BRDA:1349,237,0,0
BRDA:1349,237,1,0
BRDA:1350,238,0,0
BRDA:1350,238,1,0
BRDA:1154,239,0,0
BRDA:1154,239,1,0
BRDA:1185,240,0,0
BRDA:1185,240,1,0
BRDA:1185,240,2,0
BRDA:1215,241,0,0
BRDA:1215,241,1,0
BRDA:916,242,0,0
BRDA:945,243,0,0
BRDA:945,243,1,0
BRDA:952,244,0,0
BRDA:952,244,1,0
BRDA:1004,245,0,0
BRDA:1004,245,1,0
BRDA:1019,246,0,0
BRDA:1019,246,1,0
BRDA:1073,247,0,0
BRDA:1073,247,1,0
BRDA:2474,248,0,0
BRDA:2474,248,1,0
BRDA:2474,249,0,0
BRDA:2474,249,1,0
BRDA:368,250,0,0
BRDA:2495,251,0,0
BRDA:2495,251,1,0
BRDA:2495,252,0,0
BRDA:2495,252,1,0
BRDA:2496,253,0,0
BRDA:2496,253,1,0
BRDA:2496,254,0,0
BRDA:2496,254,1,0
BRDA:2501,255,0,0
BRDA:2501,255,1,0
BRDA:2501,256,0,0
BRDA:2501,256,1,0
BRDA:2520,257,0,0
BRDA:2520,257,1,0
BRDA:2520,257,2,0
BRDA:2529,258,0,0
BRDA:2529,258,1,0
BRDA:2611,259,0,0
BRDA:2611,259,1,0
BRDA:25,260,0,0
BRDA:25,260,1,0
BRDA:25,260,2,0
BRDA:30,261,0,0
BRDA:30,262,0,0
BRDA:30,262,1,0
BRDA:40,263,0,0
BRDA:54,264,0,0
BRDA:64,265,0,0
BRDA:64,265,1,0
BRDA:75,266,0,0
BRDA:75,266,1,0
BRDA:86,267,0,0
BRDA:86,267,1,0
BRDA:97,268,0,0
BRDA:103,269,0,0
BRDA:103,269,1,0
BRDA:114,270,0,0
BRDA:117,271,0,0
BRDA:117,271,1,0
BRDA:129,272,0,0
BRDA:133,273,0,0
BRDA:133,273,1,0
BRDA:133,273,2,0
BRDA:148,274,0,0
BRDA:163,275,0,0
BRDA:163,275,1,0
BRDA:163,276,0,0
BRDA:163,276,1,0
BRDA:166,277,0,0
BRDA:166,277,1,0
BRDA:166,278,0,0
BRDA:166,278,1,0
BRDA:167,279,0,0
BRDA:167,279,1,0
BRDA:177,280,0,0
BRDA:180,281,0,0
BRDA:183,282,0,0
BRDA:183,282,1,0
BRDA:194,283,0,0
BRDA:198,284,0,0
BRDA:198,284,1,0
BRDA:201,285,0,0
BRDA:201,285,1,0
BRDA:203,286,0,0
BRDA:203,286,1,0
BRDA:207,287,0,0
BRDA:207,287,1,0
BRDA:209,288,0,0
BRDA:209,289,0,0
BRDA:209,289,1,0
BRDA:209,289,2,0
BRDA:210,290,0,0
BRDA:210,290,1,0
BRDA:215,291,0,0
BRDA:215,292,0,0
BRDA:215,292,1,0
BRDA:225,293,0,0
BRDA:228,294,0,0
BRDA:228,294,1,0
BRDA:239,295,0,0
BRDA:256,296,0,0
BRDA:256,297,0,0
BRDA:256,297,1,0
BRDA:256,297,2,0
BRDA:256,297,3,0
BRDA:262,298,0,0
BRDA:262,298,1,0
BRDA:263,299,0,0
BRDA:263,299,1,0
BRDA:273,300,0,0
BRDA:273,301,0,0
BRDA:273,301,1,0
BRDA:273,301,2,0
BRDA:274,302,0,0
BRDA:283,303,0,0
BRDA:283,303,1,0
BRDA:299,304,0,0
BRDA:299,304,1,0
BRDA:299,305,0,0
BRDA:299,305,1,0
BRDA:301,306,0,0
BRDA:301,306,1,0
BRDA:304,307,0,0
BRDA:304,308,0,0
BRDA:304,308,1,0
BRDA:306,309,0,0
BRDA:306,309,1,0
BRDA:323,310,0,0
BRDA:323,310,1,0
BRDA:323,311,0,0
BRDA:323,311,1,0
BRDA:327,312,0,0
BRDA:327,312,1,0
BRDA:346,313,0,0
BRDA:346,313,1,0
BRDA:347,314,0,0
BRDA:347,314,1,0
BRDA:353,315,0,0
BRDA:353,315,1,0
BRDA:353,316,0,0
BRDA:353,316,1,0
BRDA:353,317,0,0
BRDA:353,317,1,0
BRDA:359,318,0,0
BRDA:359,318,1,0
BRDA:368,319,0,0
BRDA:377,320,0,0
BRDA:377,320,1,0
BRDA:379,321,0,0
BRDA:385,322,0,0
BRDA:386,323,0,0
BRDA:396,324,0,0
BRDA:396,324,1,0
BRDA:410,325,0,0
BRDA:410,325,1,0
BRDA:415,326,0,0
BRDA:452,327,0,0
BRDA:452,327,1,0
BRDA:473,328,0,0
BRDA:473,328,1,0
BRDA:474,329,0,0
BRDA:474,329,1,0
BRDA:474,329,2,0
BRDA:475,330,0,0
BRDA:475,330,1,0
BRDA:475,330,2,0
BRDA:482,331,0,0
BRDA:482,332,0,0
BRDA:482,332,1,0
BRDA:495,333,0,0
BRDA:495,333,1,0
BRDA:495,334,0,0
BRDA:495,334,1,0
BRDA:508,335,0,0
BRDA:508,336,0,0
BRDA:508,336,1,0
BRDA:525,337,0,0
BRDA:525,338,0,0
BRDA:525,338,1,0
BRDA:539,339,0,0
BRDA:539,340,0,0
BRDA:539,340,1,0
BRDA:539,341,0,0
BRDA:539,341,1,0
BRDA:539,342,0,0
BRDA:539,342,1,0
BRDA:547,343,0,0
BRDA:547,343,1,0
BRDA:547,344,0,0
BRDA:547,344,1,0
BRDA:551,345,0,0
BRDA:551,345,1,0
BRDA:552,346,0,0
BRDA:552,346,1,0
BRDA:554,347,0,0
BRDA:554,347,1,0
BRDA:555,348,0,0
BRDA:555,348,1,0
BRDA:577,349,0,0
BRDA:577,350,0,0
BRDA:577,350,1,0
BRDA:580,351,0,0
BRDA:584,352,0,0
BRDA:600,353,0,0
BRDA:600,354,0,0
BRDA:600,354,1,0
BRDA:600,354,2,0
BRDA:604,355,0,0
BRDA:604,355,1,0
BRDA:607,356,0,0
BRDA:607,356,1,0
BRDA:622,357,0,0
BRDA:622,357,1,0
BRDA:622,358,0,0
BRDA:622,358,1,0
BRDA:627,359,0,0
BRDA:627,359,1,0
BRDA:630,360,0,0
BRDA:630,360,1,0
BRDA:635,361,0,0
BRDA:635,361,1,0
BRDA:637,362,0,0
BRDA:640,363,0,0
BRDA:640,363,1,0
BRDA:649,364,0,0
BRDA:649,364,1,0
BRDA:649,365,0,0
BRDA:649,365,1,0
BRDA:665,366,0,0
BRDA:665,366,1,0
BRDA:667,367,0,0
BRDA:667,367,1,0
BRDA:667,368,0,0
BRDA:667,368,1,0
BRDA:668,369,0,0
BRDA:668,369,1,0
BRDA:668,370,0,0
BRDA:668,370,1,0
BRDA:669,371,0,0
BRDA:669,371,1,0
BRDA:669,372,0,0
BRDA:669,372,1,0
BRDA:670,373,0,0
BRDA:670,373,1,0
BRDA:670,374,0,0
BRDA:670,374,1,0
BRDA:692,375,0,0
BRDA:692,375,1,0
BRDA:692,376,0,0
BRDA:692,376,1,0
BRDA:694,377,0,0
BRDA:732,378,0,0
BRDA:732,378,1,0
BRDA:735,379,0,0
BRDA:735,379,1,0
BRDA:739,380,0,0
BRDA:739,380,1,0
BRDA:753,381,0,0
BRDA:753,381,1,0
BRDA:753,382,0,0
BRDA:753,382,1,0
BRDA:755,383,0,0
BRDA:755,383,1,0
BRDA:769,384,0,0
BRDA:769,384,1,0
BRDA:769,385,0,0
BRDA:769,385,1,0
BRDA:770,386,0,0
BRDA:770,386,1,0
BRDA:770,387,0,0
BRDA:770,387,1,0
BRDA:816,388,0,0
BRDA:816,388,1,0
BRDA:817,389,0,0
BRDA:817,389,1,0
BRDA:818,390,0,0
BRDA:818,390,1,0
BRDA:819,391,0,0
BRDA:819,391,1,0
BRDA:822,392,0,0
BRDA:822,392,1,0
BRDA:842,393,0,0
BRDA:861,394,0,0
BRDA:885,395,0,0
BRDA:885,395,1,0
BRDA:888,396,0,0
BRDA:892,397,0,0
BRDA:892,397,1,0
BRDA:893,398,0,0
BRDA:893,399,0,0
BRDA:893,399,1,0
BRDA:916,400,0,0
BRDA:945,401,0,0
BRDA:945,401,1,0
BRDA:952,402,0,0
BRDA:952,402,1,0
BRDA:970,403,0,0
BRDA:970,403,1,0
BRDA:987,404,0,0
BRDA:987,404,1,0
BRDA:988,405,0,0
BRDA:1004,406,0,0
BRDA:1019,407,0,0
BRDA:1032,408,0,0
BRDA:1032,408,1,0
BRDA:1037,409,0,0
BRDA:1037,409,1,0
BRDA:1040,410,0,0
BRDA:1073,411,0,0
BRDA:1109,412,0,0
BRDA:1123,413,0,0
BRDA:1123,413,1,0
BRDA:1123,413,2,0
BRDA:1138,414,0,0
BRDA:1138,415,0,0
BRDA:1138,415,1,0
BRDA:1156,416,0,0
BRDA:1156,416,1,0
BRDA:1185,417,0,0
BRDA:1185,418,0,0
BRDA:1185,418,1,0
BRDA:1215,419,0,0
BRDA:1215,419,1,0
BRDA:1256,420,0,0
BRDA:1256,420,1,0
BRDA:1258,421,0,0
BRDA:1258,421,1,0
BRDA:1258,422,0,0
BRDA:1258,422,1,0
BRDA:1258,423,0,0
BRDA:1258,423,1,0
BRDA:1258,423,2,0
BRDA:1259,424,0,0
BRDA:1259,424,1,0
BRDA:1262,425,0,0
BRDA:1262,425,1,0
BRDA:1262,426,0,0
BRDA:1262,426,1,0
BRDA:1262,426,2,0
BRDA:1269,427,0,0
BRDA:1269,427,1,0
BRDA:1288,428,0,0
BRDA:1291,429,0,0
BRDA:1291,429,1,0
BRDA:1301,430,0,0
BRDA:1301,430,1,0
BRDA:1303,431,0,0
BRDA:1303,431,1,0
BRDA:1304,432,0,0
BRDA:1304,432,1,0
BRDA:1322,433,0,0
BRDA:1322,433,1,0
BRDA:1325,434,0,0
BRDA:1325,434,1,0
BRDA:1333,435,0,0
BRDA:1333,435,1,0
BRDA:1334,436,0,0
BRDA:1334,436,1,0
BRDA:1342,437,0,0
BRDA:1342,437,1,0
BRDA:1342,438,0,0
BRDA:1342,438,1,0
BRDA:1349,439,0,0
BRDA:1349,439,1,0
BRDA:1350,440,0,0
BRDA:1350,440,1,0
BRDA:1385,441,0,0
BRDA:1385,441,1,0
BRDA:1386,442,0,0
BRDA:1386,442,1,0
BRDA:1386,442,2,0
BRDA:1389,443,0,0
BRDA:1408,444,0,0
BRDA:1415,445,0,0
BRDA:1415,445,1,0
BRDA:1419,446,0,0
BRDA:1425,447,0,0
BRDA:1438,448,0,0
BRDA:1438,448,1,0
BRDA:1439,449,0,0
BRDA:1439,449,1,0
BRDA:1441,450,0,0
BRDA:1441,450,1,0
BRDA:1442,451,0,0
BRDA:1442,451,1,0
BRDA:1451,452,0,0
BRDA:1455,453,0,0
BRDA:1487,454,0,0
BRDA:1487,454,1,0
BRDA:1489,455,0,0
BRDA:1542,456,0,0
BRDA:1542,456,1,0
BRDA:1542,457,0,0
BRDA:1542,457,1,0
BRDA:1546,458,0,0
BRDA:1546,458,1,0
BRDA:1564,459,0,0
BRDA:1568,460,0,0
BRDA:1568,461,0,0
BRDA:1568,461,1,0
BRDA:1577,462,0,0
BRDA:1577,462,1,0
BRDA:1581,463,0,0
BRDA:1581,463,1,0
BRDA:1581,463,2,0
BRDA:1581,463,3,0
BRDA:1596,464,0,0
BRDA:1596,465,0,0
BRDA:1596,465,1,0
BRDA:1608,466,0,0
BRDA:1608,466,1,0
BRDA:1608,466,2,0
BRDA:1608,466,3,0
BRDA:1608,466,4,0
BRDA:1608,466,5,0
BRDA:1608,466,6,0
BRDA:1608,466,7,0
BRDA:1615,467,0,0
BRDA:1615,467,1,0
BRDA:1615,467,2,0
BRDA:1615,467,3,0
BRDA:1615,467,4,0
BRDA:1615,467,5,0
BRDA:1615,467,6,0
BRDA:1615,467,7,0
BRDA:1621,468,0,0
BRDA:1621,468,1,0
BRDA:1621,468,2,0
BRDA:1621,468,3,0
BRDA:1621,468,4,0
BRDA:1621,468,5,0
BRDA:1621,468,6,0
BRDA:1621,468,7,0
BRDA:1621,468,8,0
BRDA:1621,468,9,0
BRDA:1621,468,10,0
BRDA:1621,468,11,0
BRDA:1621,468,12,0
BRDA:1624,469,0,0
BRDA:1624,469,1,0
BRDA:1624,469,2,0
BRDA:1624,469,3,0
BRDA:1624,469,4,0
BRDA:1624,469,5,0
BRDA:1624,469,6,0
BRDA:1624,469,7,0
BRDA:1624,469,8,0
BRDA:1624,469,9,0
BRDA:1624,469,10,0
BRDA:1624,469,11,0
BRDA:1624,469,12,0
BRDA:1626,470,0,0
BRDA:1626,470,1,0
BRDA:1628,471,0,0
BRDA:1628,472,0,0
BRDA:1628,472,1,0
BRDA:1628,472,2,0
BRDA:1632,473,0,0
BRDA:1632,474,0,0
BRDA:1632,474,1,0
BRDA:1636,475,0,0
BRDA:1640,476,0,0
BRDA:1640,476,1,0
BRDA:1667,477,0,0
BRDA:1667,477,1,0
BRDA:1668,478,0,0
BRDA:1668,478,1,0
BRDA:1669,479,0,0
BRDA:1669,479,1,0
BRDA:1671,480,0,0
BRDA:1674,481,0,0
BRDA:1700,482,0,0
BRDA:1704,483,0,0
BRDA:1704,483,1,0
BRDA:1706,484,0,0
BRDA:1706,484,1,0
BRDA:1706,484,2,0
BRDA:1706,484,3,0
BRDA:1718,485,0,0
BRDA:1718,485,1,0
BRDA:1718,486,0,0
BRDA:1718,486,1,0
BRDA:1721,487,0,0
BRDA:1721,487,1,0
BRDA:1722,488,0,0
BRDA:1722,488,1,0
BRDA:1724,489,0,0
BRDA:1724,489,1,0
BRDA:1765,490,0,0
BRDA:1765,491,0,0
BRDA:1765,491,1,0
BRDA:1772,492,0,0
BRDA:1772,492,1,0
BRDA:1777,493,0,0
BRDA:1777,493,1,0
BRDA:1777,494,0,0
BRDA:1777,494,1,0
BRDA:1783,495,0,0
BRDA:1783,495,1,0
BRDA:1783,496,0,0
BRDA:1783,496,1,0
BRDA:1787,497,0,0
BRDA:1787,497,1,0
BRDA:1804,498,0,0
BRDA:1805,499,0,0
BRDA:1805,499,1,0
BRDA:1831,500,0,0
BRDA:1831,500,1,0
BRDA:1837,501,0,0
BRDA:1837,501,1,0
BRDA:1840,502,0,0
BRDA:1840,502,1,0
BRDA:1843,503,0,0
BRDA:1843,503,1,0
BRDA:1846,504,0,0
BRDA:1863,505,0,0
BRDA:1863,505,1,0
BRDA:1868,506,0,0
BRDA:1901,507,0,0
BRDA:1901,508,0,0
BRDA:1901,508,1,0
BRDA:1907,509,0,0
BRDA:1907,509,1,0
BRDA:1909,510,0,0
BRDA:1909,511,0,0
BRDA:1909,511,1,0
BRDA:1910,512,0,0
BRDA:1910,512,1,0
BRDA:1917,513,0,0
BRDA:1917,513,1,0
BRDA:1939,514,0,0
BRDA:1945,515,0,0
BRDA:1945,515,1,0
BRDA:1946,516,0,0
BRDA:1946,516,1,0
BRDA:1967,517,0,0
BRDA:1976,518,0,0
BRDA:1976,518,1,0
BRDA:1976,519,0,0
BRDA:1976,519,1,0
BRDA:1976,519,2,0
BRDA:1976,519,3,0
BRDA:1978,520,0,0
BRDA:1986,521,0,0
BRDA:2015,522,0,0
BRDA:2015,522,1,0
BRDA:2015,523,0,0
BRDA:2015,523,1,0
BRDA:2015,524,0,0
BRDA:2015,524,1,0
BRDA:2474,525,0,0
BRDA:2474,525,1,0
BRDA:2474,526,0,0
BRDA:2474,526,1,0
BRDA:2495,527,0,0
BRDA:2495,527,1,0
BRDA:2495,528,0,0
BRDA:2495,528,1,0
BRDA:2496,529,0,0
BRDA:2496,529,1,0
BRDA:2496,530,0,0
BRDA:2496,530,1,0
BRDA:2501,531,0,0
BRDA:2501,531,1,0
BRDA:2501,532,0,0
BRDA:2501,532,1,0
BRDA:2520,533,0,0
BRDA:2520,534,0,0
BRDA:2520,534,1,0
BRDA:2529,535,0,0
BRDA:2611,536,0,0
BRDA:2611,536,1,0
BRF:1094
BRH:0
end_of_record
TN:
SF:scripts/config.js
FNF:0
FNH:0
DA:1,2
DA:8,2
DA:12,2
DA:18,2
LF:4
LH:4
BRF:0
BRH:0
end_of_record
TN:
SF:scripts/foursquare-client.js
FN:4,(anonymous_0)
FN:14,(anonymous_1)
FN:71,(anonymous_2)
FN:94,(anonymous_3)
FN:117,(anonymous_4)
FN:146,(anonymous_5)
FN:147,(anonymous_6)
FNF:7
FNH:0
FNDA:0,(anonymous_0)
FNDA:0,(anonymous_1)
FNDA:0,(anonymous_2)
FNDA:0,(anonymous_3)
FNDA:0,(anonymous_4)
FNDA:0,(anonymous_5)
FNDA:0,(anonymous_6)
DA:1,2
DA:5,0
DA:6,0
DA:9,0
DA:10,0
DA:11,0
DA:15,0
DA:16,0
DA:19,0
DA:27,0
DA:28,0
DA:29,0
DA:33,0
DA:35,0
DA:36,0
DA:38,0
DA:41,0
DA:44,0
DA:50,0
DA:51,0
DA:54,0
DA:56,0
DA:63,0
DA:66,0
DA:67,0
DA:72,0
DA:73,0
DA:76,0
DA:81,0
DA:83,0
DA:89,0
DA:90,0
DA:95,0
DA:96,0
DA:98,0
DA:103,0
DA:104,0
DA:105,0
DA:108,0
DA:109,0
DA:112,0
DA:113,0
DA:118,0
DA:120,0
DA:121,0
DA:130,0
DA:133,0
DA:134,0
DA:135,0
DA:136,0
DA:137,0
DA:138,0
DA:140,0
DA:141,0
DA:147,0
DA:151,2
LF:56
LH:2
BRDA:5,0,0,0
BRDA:5,0,1,0
BRDA:14,1,0,0
BRDA:27,2,0,0
BRDA:27,2,1,0
BRDA:27,3,0,0
BRDA:27,3,1,0
BRDA:47,4,0,0
BRDA:47,4,1,0
BRDA:51,5,0,0
BRDA:51,5,1,0
BRDA:103,6,0,0
BRDA:103,6,1,0
BRDA:103,7,0,0
BRDA:103,7,1,0
BRDA:117,8,0,0
BRDA:133,9,0,0
BRDA:133,9,1,0
BRDA:136,10,0,0
BRDA:136,10,1,0
BRF:20
BRH:0
end_of_record
TN:
SF:scripts/poi-transformer.js
FN:1,transformPoi
FN:64,convertRating
FN:88,processPhotos
FN:122,generateDescription
FN:145,formatAddress
FN:158,formatHours
FN:173,formatSocialMedia
FN:188,generateDefaultImage
FN:201,generateRandomRating
FN:206,generateRandomReviews
FNF:10
FNH:0
FNDA:0,transformPoi
FNDA:0,convertRating
FNDA:0,processPhotos
FNDA:0,generateDescription
FNDA:0,formatAddress
FNDA:0,formatHours
FNDA:0,formatSocialMedia
FNDA:0,generateDefaultImage
FNDA:0,generateRandomRating
FNDA:0,generateRandomReviews
DA:2,0
DA:3,0
DA:4,0
DA:7,0
DA:8,0
DA:11,0
DA:12,0
DA:14,0
DA:65,0
DA:66,0
DA:70,0
DA:73,0
DA:76,0
DA:77,0
DA:80,0
DA:81,0
DA:82,0
DA:85,0
DA:89,0
DA:90,0
DA:91,0
DA:94,0
DA:96,0
DA:97,0
DA:98,0
DA:100,0
DA:108,0
DA:110,0
DA:112,0
DA:115,0
DA:119,0
DA:123,0
DA:126,0
DA:127,0
DA:130,0
DA:132,0
DA:133,0
DA:134,0
DA:137,0
DA:138,0
DA:142,0
DA:146,0
DA:148,0
DA:149,0
DA:150,0
DA:151,0
DA:152,0
DA:153,0
DA:155,0
DA:159,0
DA:161,0
DA:162,0
DA:168,0
DA:169,0
DA:174,0
DA:176,0
DA:177,0
DA:183,0
DA:184,0
DA:190,0
DA:198,0
DA:203,0
DA:208,0
DA:211,2
LF:64
LH:1
BRDA:4,0,0,0
BRDA:4,0,1,0
BRDA:7,1,0,0
BRDA:7,1,1,0
BRDA:16,2,0,0
BRDA:16,2,1,0
BRDA:24,3,0,0
BRDA:24,3,1,0
BRDA:25,4,0,0
BRDA:25,4,1,0
BRDA:34,5,0,0
BRDA:34,5,1,0
BRDA:37,6,0,0
BRDA:37,6,1,0
BRDA:41,7,0,0
BRDA:41,7,1,0
BRDA:42,8,0,0
BRDA:42,8,1,0
BRDA:43,9,0,0
BRDA:43,9,1,0
BRDA:50,10,0,0
BRDA:50,10,1,0
BRDA:65,11,0,0
BRDA:65,11,1,0
BRDA:65,12,0,0
BRDA:65,12,1,0
BRDA:76,13,0,0
BRDA:76,13,1,0
BRDA:77,14,0,0
BRDA:77,14,1,0
BRDA:80,15,0,0
BRDA:80,15,1,0
BRDA:89,16,0,0
BRDA:89,16,1,0
BRDA:89,17,0,0
BRDA:89,17,1,0
BRDA:89,17,2,0
BRDA:98,18,0,0
BRDA:98,18,1,0
BRDA:98,19,0,0
BRDA:98,19,1,0
BRDA:126,20,0,0
BRDA:126,20,1,0
BRDA:132,21,0,0
BRDA:132,21,1,0
BRDA:137,22,0,0
BRDA:137,22,1,0
BRDA:146,23,0,0
BRDA:146,23,1,0
BRDA:149,24,0,0
BRDA:149,24,1,0
BRDA:150,25,0,0
BRDA:150,25,1,0
BRDA:151,26,0,0
BRDA:151,26,1,0
BRDA:152,27,0,0
BRDA:152,27,1,0
BRDA:153,28,0,0
BRDA:153,28,1,0
BRDA:159,29,0,0
BRDA:159,29,1,0
BRDA:159,30,0,0
BRDA:159,30,1,0
BRDA:164,31,0,0
BRDA:164,31,1,0
BRDA:165,32,0,0
BRDA:165,32,1,0
BRDA:174,33,0,0
BRDA:174,33,1,0
BRDA:178,34,0,0
BRDA:178,34,1,0
BRDA:179,35,0,0
BRDA:179,35,1,0
BRDA:180,36,0,0
BRDA:180,36,1,0
BRDA:198,37,0,0
BRDA:198,37,1,0
BRF:77
BRH:0
end_of_record
TN:
SF:scripts/run-full.js
FN:5,run
FNF:1
FNH:0
FNDA:0,run
DA:1,0
DA:2,0
DA:3,0
DA:6,0
DA:7,0
DA:8,0
DA:9,0
DA:11,0
DA:12,0
DA:16,0
LF:10
LH:0
BRF:0
BRH:0
end_of_record
TN:
SF:scripts/run-sample.js
FN:5,run
FNF:1
FNH:0
FNDA:0,run
DA:1,0
DA:2,0
DA:3,0
DA:6,0
DA:7,0
DA:8,0
DA:9,0
DA:11,0
DA:12,0
DA:16,0
LF:10
LH:0
BRF:0
BRH:0
end_of_record
TN:
SF:scripts/seeder.js
FN:6,seedPois
FN:46,(anonymous_1)
FN:64,seedSample
FN:68,seedFull
FN:73,seedSamplePois
FN:77,seedFoursquarePois
FNF:6
FNH:0
FNDA:0,seedPois
FNDA:0,(anonymous_1)
FNDA:0,seedSample
FNDA:0,seedFull
FNDA:0,seedSamplePois
FNDA:0,seedFoursquarePois
DA:1,2
DA:2,2
DA:3,2
DA:4,2
DA:7,0
DA:9,0
DA:10,0
DA:12,0
DA:14,0
DA:15,0
DA:17,0
DA:18,0
DA:19,0
DA:20,0
DA:22,0
DA:23,0
DA:24,0
DA:27,0
DA:28,0
DA:29,0
DA:30,0
DA:31,0
DA:35,0
DA:36,0
DA:37,0
DA:40,0
DA:41,0
DA:46,0
DA:49,0
DA:50,0
DA:55,0
DA:56,0
DA:57,0
DA:58,0
DA:60,0
DA:65,0
DA:69,0
DA:74,0
DA:78,0
DA:81,2
LF:40
LH:5
BRDA:6,0,0,0
BRDA:6,1,0,0
BRDA:28,2,0,0
BRDA:28,2,1,0
BRF:4
BRH:0
end_of_record
TN:
SF:services/route-generator.js
FN:48,(anonymous_0)
FN:165,(anonymous_1)
FN:168,(anonymous_2)
FNF:3
FNH:0
FNDA:0,(anonymous_0)
FNDA:0,(anonymous_1)
FNDA:0,(anonymous_2)
DA:1,2
DA:2,2
DA:3,2
DA:5,2
DA:7,2
DA:8,2
DA:9,0
DA:14,0
DA:18,2
DA:49,0
DA:50,0
DA:52,0
DA:54,0
DA:105,0
DA:107,0
DA:108,0
DA:111,0
DA:114,0
DA:117,0
DA:118,0
DA:119,0
DA:122,0
DA:125,0
DA:127,0
DA:129,0
DA:135,0
DA:137,0
DA:138,0
DA:139,0
DA:145,0
DA:146,0
DA:147,0
DA:153,0
DA:166,0
DA:168,0
DA:169,0
DA:176,0
DA:199,2
LF:38
LH:8
BRDA:8,0,0,0
BRDA:8,0,1,2
BRDA:8,1,0,2
BRDA:8,1,1,0
BRDA:107,2,0,0
BRDA:107,2,1,0
BRDA:118,3,0,0
BRDA:118,3,1,0
BRDA:137,4,0,0
BRDA:137,4,1,0
BRDA:145,5,0,0
BRDA:145,5,1,0
BRDA:155,6,0,0
BRDA:155,6,1,0
BRDA:173,7,0,0
BRDA:173,7,1,0
BRDA:181,8,0,0
BRDA:181,8,1,0
BRF:18
BRH:2
end_of_record
TN:
SF:tests/setup.js
FN:6,(anonymous_0)
FN:22,(anonymous_1)
FN:35,(anonymous_2)
FNF:3
FNH:0
FNDA:0,(anonymous_0)
FNDA:0,(anonymous_1)
FNDA:0,(anonymous_2)
DA:1,0
DA:2,0
DA:6,0
DA:7,0
DA:8,0
DA:10,0
DA:11,0
DA:12,0
DA:14,0
DA:15,0
DA:18,0
DA:22,0
DA:23,0
DA:24,0
DA:25,0
DA:26,0
DA:27,0
DA:35,0
DA:36,0
DA:37,0
DA:38,0
DA:40,0
DA:41,0
DA:48,0
DA:49,0
DA:50,0
DA:51,0
LF:27
LH:0
BRDA:14,0,0,0
BRDA:14,0,1,0
BRDA:24,1,0,0
BRDA:24,1,1,0
BRDA:37,2,0,0
BRDA:37,2,1,0
BRDA:40,3,0,0
BRDA:40,3,1,0
BRF:8
BRH:0
end_of_record
TN:
SF:tests/fixtures/testData.js
FNF:0
FNH:0
DA:1,0
DA:4,0
DA:22,0
DA:60,0
DA:80,0
DA:91,0
DA:110,0
LF:7
LH:0
BRF:0
BRH:0
end_of_record
TN:
SF:tests/helpers/testHelpers.js
FN:6,(anonymous_0)
FN:10,(anonymous_1)
FN:30,(anonymous_2)
FNF:3
FNH:3
FNDA:1,(anonymous_0)
FNDA:1,(anonymous_1)
FNDA:1,(anonymous_2)
DA:1,1
DA:2,1
DA:3,1
DA:4,1
DA:6,1
DA:7,1
DA:10,1
DA:11,1
DA:19,1
DA:20,1
DA:21,1
DA:22,1
DA:24,0
DA:25,0
DA:26,0
DA:30,1
DA:31,1
DA:32,1
DA:48,1
DA:50,0
DA:54,1
LF:21
LH:17
BRF:0
BRH:0
end_of_record
TN:
SF:tests/unit/controllers/auth.js
FN:4,(anonymous_0)
FN:6,(anonymous_1)
FN:7,(anonymous_2)
FN:16,(anonymous_3)
FN:17,(anonymous_4)
FNF:5
FNH:0
FNDA:0,(anonymous_0)
FNDA:0,(anonymous_1)
FNDA:0,(anonymous_2)
FNDA:0,(anonymous_3)
FNDA:0,(anonymous_4)
DA:1,0
DA:2,0
DA:4,0
DA:6,0
DA:7,0
DA:8,0
DA:12,0
DA:16,0
DA:17,0
DA:18,0
DA:22,0
LF:11
LH:0
BRF:0
BRH:0
end_of_record
